<?xml version="1.0" encoding="UTF-8"?>
<testsuite xmlns:xsi="http://www.w3.org/2001/XMLSchema-instance" xsi:noNamespaceSchemaLocation="https://maven.apache.org/surefire/maven-failsafe-plugin/xsd/failsafe-test-report-3.0.xsd" version="3.0" name="DbsIndonesia.CucumberTestSuite" time="27.936" tests="2" errors="0" skipped="0" failures="0">
  <properties>
[...]
</properties>
  <testcase name="User has success to login DBS" classname="DBS  - login" time="18.425">
    <system-out><![CDATA[08:08:50.180 [main] DEBUG net.thucydides.core.guice.Injectors - Created injector for module net.thucydides.core.guice.ThucydidesModule
08:08:50.531 [main] DEBUG io.cucumber.core.plugin.SerenityReporter - Running feature from file:///D:/AUTOMATION%20TEST/DBS-Indonesia-Test/src/test/resources/Features/LoginDbs/Login.feature
08:08:50.531 [main] WARN io.cucumber.core.plugin.SerenityReporter - Feature from file:///D:/AUTOMATION%20TEST/DBS-Indonesia-Test/src/test/resources/Features/LoginDbs/Login.feature is not under the 'features' directory. Requirements report will not be correctly generated!
08:08:50.713 [main] DEBUG net.thucydides.core.guice.Injectors - Created injector for module net.thucydides.core.guice.webdriver.WebDriverModule
08:08:50.728 [main] INFO  - 

-------------------------------------------------------------------------------------
     _______. _______ .______       _______ .__   __.  __  .___________.____    ____ 
    /       ||   ____||   _  \     |   ____||  \ |  | |  | |           |\   \  /   / 
   |   (----`|  |__   |  |_)  |    |  |__   |   \|  | |  | `---|  |----` \   \/   /  
    \   \    |   __|  |      /     |   __|  |  . `  | |  |     |  |       \_    _/   
.----)   |   |  |____ |  |\  \----.|  |____ |  |\   | |  |     |  |         |  |     
|_______/    |_______|| _| `._____||_______||__| \__| |__|     |__|         |__|    
                                                                                     
 News and tutorials at http://www.serenity-bdd.info                                  
 Documentation at https://wakaleo.gitbooks.io/the-serenity-book/content/             
 Join the Serenity Community on Gitter: https://gitter.im/serenity-bdd/serenity-core 
 Serenity BDD Support and Training at http://serenity-bdd.info/#/trainingandsupport  
-------------------------------------------------------------------------------------

08:08:50.728 [main] DEBUG net.thucydides.core.steps.StepEventBus - Test suite started for story net.thucydides.core.model.Story@f47624f3
08:08:50.744 [main] INFO  - Test Suite Started: DBS  - login
08:08:50.760 [main] DEBUG io.cucumber.core.plugin.SerenityReporter - Running feature from file:///D:/AUTOMATION%20TEST/DBS-Indonesia-Test/src/test/resources/Features/LoginDbs/Login.feature
08:08:50.760 [main] WARN io.cucumber.core.plugin.SerenityReporter - Feature from file:///D:/AUTOMATION%20TEST/DBS-Indonesia-Test/src/test/resources/Features/LoginDbs/Login.feature is not under the 'features' directory. Requirements report will not be correctly generated!
08:08:50.773 [main] DEBUG net.thucydides.core.steps.StepEventBus - Test suite started for story net.thucydides.core.model.Story@f47624f3
08:08:50.773 [main] INFO  - Test Suite Started: DBS  - login

@Login_Successfully
Scenario: User has success to login DBS    &amp#27;[90m# src/test/resources/Features/LoginDbs/Login.feature:7&amp#27;[0m
08:08:50.882 [main] DEBUG io.cucumber.core.plugin.SerenityReporter - Running feature from file:///D:/AUTOMATION%20TEST/DBS-Indonesia-Test/src/test/resources/Features/LoginDbs/Login.feature
08:08:50.882 [main] WARN io.cucumber.core.plugin.SerenityReporter - Feature from file:///D:/AUTOMATION%20TEST/DBS-Indonesia-Test/src/test/resources/Features/LoginDbs/Login.feature is not under the 'features' directory. Requirements report will not be correctly generated!
08:08:51.082 [main] INFO  - 
  _____   ___   ___   _____     ___   _____     _     ___   _____   ___   ___  
 |_   _| | __| / __| |_   _|   / __| |_   _|   /_\   | _ \ |_   _| | __| |   \ 
   | |   | _|  \__ \   | |     \__ \   | |    / _ \  |   /   | |   | _|  | |) |
   |_|   |___| |___/   |_|     |___/   |_|   /_/ \_\ |_|_\   |_|   |___| |___/ 

User has success to login DBS(dbs----login;user-has-success-to-login-dbs)
--------------------------------------------------------------------------------
08:08:51.161 [main] DEBUG net.thucydides.core.requirements.FileSystemRequirementsTagProvider - Loading requirements from directory: D:\AUTOMATION TEST\DBS-Indonesia-Test\src\test\resources\features\LoginDbs (D:\AUTOMATION TEST\DBS-Indonesia-Test\src\test\resources\features\LoginDbs)
08:08:51.161 [main] DEBUG net.thucydides.core.requirements.FileSystemRequirementsTagProvider - Get requirements type for: D:\AUTOMATION TEST\DBS-Indonesia-Test\src\test\resources\features\LoginDbs (D:\AUTOMATION TEST\DBS-Indonesia-Test\src\test\resources\features\LoginDbs)
08:08:51.161 [main] DEBUG net.thucydides.core.requirements.model.cucumber.CucumberParser - Loading feature D:\AUTOMATION TEST\DBS-Indonesia-Test\src\test\resources\features\LoginDbs\Login.feature
08:08:51.869 [main] DEBUG net.thucydides.core.steps.StepInterceptor - STARTING STEP: LoginStepdefs.userOpenDBSLoginPage - !#title
08:08:51.902 [main] DEBUG net.thucydides.core.steps.StepInterceptor - STARTING STEP: LoginStepdefs.userOpenDBSLoginPage - {0} opens the #targetPageName
08:08:51.940 [main] INFO net.serenitybdd.core.webdriver.driverproviders.DriverProvider - Using WebDriverManager configuration for chrome
08:08:52.854 [main] DEBUG io.github.bonigarcia.wdm.cache.ResolutionCache - Removing resolution chrome=114 from cache (expired on Wed Jun 07 08:05:56 ICT 2023)
08:08:52.891 [main] DEBUG org.apache.hc.client5.http.impl.classic.InternalHttpClient - ex-0000000001 preparing request execution
08:08:52.907 [main] DEBUG org.apache.hc.client5.http.protocol.RequestAddCookies - ex-0000000001 Cookie spec selected: strict
08:08:52.907 [main] DEBUG org.apache.hc.client5.http.protocol.RequestAuthCache - ex-0000000001 Auth cache not set in the context
08:08:52.907 [main] DEBUG org.apache.hc.client5.http.impl.classic.ProtocolExec - ex-0000000001 target auth state: UNCHALLENGED
08:08:52.907 [main] DEBUG org.apache.hc.client5.http.impl.classic.ProtocolExec - ex-0000000001 proxy auth state: UNCHALLENGED
08:08:52.907 [main] DEBUG org.apache.hc.client5.http.impl.classic.ConnectExec - ex-0000000001 acquiring connection with route {s}->https://raw.githubusercontent.com:443
08:08:52.907 [main] DEBUG org.apache.hc.client5.http.impl.classic.InternalHttpClient - ex-0000000001 acquiring endpoint (3 MINUTES)
08:08:52.907 [main] DEBUG org.apache.hc.client5.http.impl.io.PoolingHttpClientConnectionManager - ex-0000000001 endpoint lease request (3 MINUTES) [route: {s}->https://raw.githubusercontent.com:443][total available: 0; route allocated: 0 of 5; total allocated: 0 of 25]
08:08:52.924 [main] DEBUG org.apache.hc.client5.http.impl.io.PoolingHttpClientConnectionManager - ex-0000000001 endpoint leased [route: {s}->https://raw.githubusercontent.com:443][total available: 0; route allocated: 1 of 5; total allocated: 1 of 25]
08:08:52.941 [main] DEBUG org.apache.hc.client5.http.impl.io.PoolingHttpClientConnectionManager - ex-0000000001 acquired ep-0000000000
08:08:52.941 [main] DEBUG org.apache.hc.client5.http.impl.classic.InternalHttpClient - ex-0000000001 acquired endpoint ep-0000000000
08:08:52.941 [main] DEBUG org.apache.hc.client5.http.impl.classic.ConnectExec - ex-0000000001 opening connection {s}->https://raw.githubusercontent.com:443
08:08:52.942 [main] DEBUG org.apache.hc.client5.http.impl.classic.InternalHttpClient - ep-0000000000 connecting endpoint (30 SECONDS)
08:08:52.942 [main] DEBUG org.apache.hc.client5.http.impl.io.PoolingHttpClientConnectionManager - ep-0000000000 connecting endpoint to https://raw.githubusercontent.com:443 (30 SECONDS)
08:08:52.992 [main] DEBUG org.apache.hc.client5.http.impl.io.DefaultHttpClientConnectionOperator - http-outgoing-0 connecting to raw.githubusercontent.com/185.199.109.133:443
08:08:52.992 [main] DEBUG org.apache.hc.client5.http.ssl.SSLConnectionSocketFactory - Connecting socket to raw.githubusercontent.com/185.199.109.133:443 with timeout 30 SECONDS
08:08:53.073 [main] DEBUG org.apache.hc.client5.http.ssl.SSLConnectionSocketFactory - Enabled protocols: [TLSv1.2]
08:08:53.073 [main] DEBUG org.apache.hc.client5.http.ssl.SSLConnectionSocketFactory - Enabled cipher suites: [TLS_ECDHE_ECDSA_WITH_AES_256_GCM_SHA384, TLS_ECDHE_ECDSA_WITH_AES_128_GCM_SHA256, TLS_ECDHE_RSA_WITH_AES_256_GCM_SHA384, TLS_ECDHE_RSA_WITH_AES_128_GCM_SHA256, TLS_DHE_RSA_WITH_AES_256_GCM_SHA384, TLS_DHE_DSS_WITH_AES_256_GCM_SHA384, TLS_DHE_RSA_WITH_AES_128_GCM_SHA256, TLS_DHE_DSS_WITH_AES_128_GCM_SHA256, TLS_ECDHE_ECDSA_WITH_AES_256_CBC_SHA384, TLS_ECDHE_RSA_WITH_AES_256_CBC_SHA384, TLS_ECDHE_ECDSA_WITH_AES_128_CBC_SHA256, TLS_ECDHE_RSA_WITH_AES_128_CBC_SHA256, TLS_DHE_RSA_WITH_AES_256_CBC_SHA256, TLS_DHE_DSS_WITH_AES_256_CBC_SHA256, TLS_DHE_RSA_WITH_AES_128_CBC_SHA256, TLS_DHE_DSS_WITH_AES_128_CBC_SHA256, TLS_ECDH_ECDSA_WITH_AES_256_GCM_SHA384, TLS_ECDH_RSA_WITH_AES_256_GCM_SHA384, TLS_ECDH_ECDSA_WITH_AES_128_GCM_SHA256, TLS_ECDH_RSA_WITH_AES_128_GCM_SHA256, TLS_ECDH_ECDSA_WITH_AES_256_CBC_SHA384, TLS_ECDH_RSA_WITH_AES_256_CBC_SHA384, TLS_ECDH_ECDSA_WITH_AES_128_CBC_SHA256, TLS_ECDH_RSA_WITH_AES_128_CBC_SHA256, TLS_ECDHE_ECDSA_WITH_AES_256_CBC_SHA, TLS_ECDHE_RSA_WITH_AES_256_CBC_SHA, TLS_ECDHE_ECDSA_WITH_AES_128_CBC_SHA, TLS_ECDHE_RSA_WITH_AES_128_CBC_SHA, TLS_DHE_RSA_WITH_AES_256_CBC_SHA, TLS_DHE_DSS_WITH_AES_256_CBC_SHA, TLS_DHE_RSA_WITH_AES_128_CBC_SHA, TLS_DHE_DSS_WITH_AES_128_CBC_SHA, TLS_ECDH_ECDSA_WITH_AES_256_CBC_SHA, TLS_ECDH_RSA_WITH_AES_256_CBC_SHA, TLS_ECDH_ECDSA_WITH_AES_128_CBC_SHA, TLS_ECDH_RSA_WITH_AES_128_CBC_SHA, TLS_RSA_WITH_AES_256_GCM_SHA384, TLS_RSA_WITH_AES_128_GCM_SHA256, TLS_RSA_WITH_AES_256_CBC_SHA256, TLS_RSA_WITH_AES_128_CBC_SHA256, TLS_RSA_WITH_AES_256_CBC_SHA, TLS_RSA_WITH_AES_128_CBC_SHA, TLS_EMPTY_RENEGOTIATION_INFO_SCSV]
08:08:53.073 [main] DEBUG org.apache.hc.client5.http.ssl.SSLConnectionSocketFactory - Starting handshake
08:08:53.268 [main] DEBUG org.apache.hc.client5.http.ssl.SSLConnectionSocketFactory - Secure session established
08:08:53.268 [main] DEBUG org.apache.hc.client5.http.ssl.SSLConnectionSocketFactory -  negotiated protocol: TLSv1.2
08:08:53.268 [main] DEBUG org.apache.hc.client5.http.ssl.SSLConnectionSocketFactory -  negotiated cipher suite: TLS_ECDHE_RSA_WITH_AES_128_GCM_SHA256
08:08:53.268 [main] DEBUG org.apache.hc.client5.http.ssl.SSLConnectionSocketFactory -  peer principal: CN=*.github.io, O="GitHub, Inc.", L=San Francisco, ST=California, C=US
08:08:53.268 [main] DEBUG org.apache.hc.client5.http.ssl.SSLConnectionSocketFactory -  peer alternative names: [*.github.io, github.io, *.github.com, github.com, www.github.com, *.githubusercontent.com, githubusercontent.com]
08:08:53.268 [main] DEBUG org.apache.hc.client5.http.ssl.SSLConnectionSocketFactory -  issuer principal: CN=DigiCert TLS RSA SHA256 2020 CA1, O=DigiCert Inc, C=US
08:08:53.268 [main] DEBUG org.apache.hc.client5.http.impl.io.DefaultHttpClientConnectionOperator - http-outgoing-0 connection established 10.5.72.234:53269<->185.199.109.133:443
08:08:53.271 [main] DEBUG org.apache.hc.client5.http.impl.io.PoolingHttpClientConnectionManager - ep-0000000000 connected http-outgoing-0
08:08:53.271 [main] DEBUG org.apache.hc.client5.http.impl.classic.InternalHttpClient - ep-0000000000 endpoint connected
08:08:53.271 [main] DEBUG org.apache.hc.client5.http.impl.classic.MainClientExec - ex-0000000001 executing GET /bonigarcia/webdrivermanager/master/src/main/resources/commands.properties HTTP/1.1
08:08:53.271 [main] DEBUG org.apache.hc.client5.http.impl.classic.InternalHttpClient - ep-0000000000 start execution ex-0000000001
08:08:53.271 [main] DEBUG org.apache.hc.client5.http.impl.io.PoolingHttpClientConnectionManager - ep-0000000000 executing exchange ex-0000000001 over http-outgoing-0
08:08:53.272 [main] DEBUG org.apache.hc.client5.http.headers - http-outgoing-0 >> GET /bonigarcia/webdrivermanager/master/src/main/resources/commands.properties HTTP/1.1
08:08:53.272 [main] DEBUG org.apache.hc.client5.http.headers - http-outgoing-0 >> user-agent: Apache-HttpClient/5.0
08:08:53.272 [main] DEBUG org.apache.hc.client5.http.headers - http-outgoing-0 >> accept-encoding: gzip, deflate, br
08:08:53.272 [main] DEBUG org.apache.hc.client5.http.headers - http-outgoing-0 >> cache-control: max-age=0
08:08:53.272 [main] DEBUG org.apache.hc.client5.http.headers - http-outgoing-0 >> connection: keep-alive
08:08:53.272 [main] DEBUG org.apache.hc.client5.http.headers - http-outgoing-0 >> Host: raw.githubusercontent.com
08:08:53.272 [main] DEBUG org.apache.hc.client5.http.wire - http-outgoing-0 >> "GET /bonigarcia/webdrivermanager/master/src/main/resources/commands.properties HTTP/1.1[\r][\n]"
08:08:53.272 [main] DEBUG org.apache.hc.client5.http.wire - http-outgoing-0 >> "user-agent: Apache-HttpClient/5.0[\r][\n]"
08:08:53.272 [main] DEBUG org.apache.hc.client5.http.wire - http-outgoing-0 >> "accept-encoding: gzip, deflate, br[\r][\n]"
08:08:53.273 [main] DEBUG org.apache.hc.client5.http.wire - http-outgoing-0 >> "cache-control: max-age=0[\r][\n]"
08:08:53.273 [main] DEBUG org.apache.hc.client5.http.wire - http-outgoing-0 >> "connection: keep-alive[\r][\n]"
08:08:53.273 [main] DEBUG org.apache.hc.client5.http.wire - http-outgoing-0 >> "Host: raw.githubusercontent.com[\r][\n]"
08:08:53.273 [main] DEBUG org.apache.hc.client5.http.wire - http-outgoing-0 >> "[\r][\n]"
08:08:53.295 [main] DEBUG org.apache.hc.client5.http.wire - http-outgoing-0 << "HTTP/1.1 200 OK[\r][\n]"
08:08:53.295 [main] DEBUG org.apache.hc.client5.http.wire - http-outgoing-0 << "Connection: keep-alive[\r][\n]"
08:08:53.295 [main] DEBUG org.apache.hc.client5.http.wire - http-outgoing-0 << "Content-Length: 723[\r][\n]"
08:08:53.295 [main] DEBUG org.apache.hc.client5.http.wire - http-outgoing-0 << "Cache-Control: max-age=300[\r][\n]"
08:08:53.295 [main] DEBUG org.apache.hc.client5.http.wire - http-outgoing-0 << "Content-Security-Policy: default-src 'none'; style-src 'unsafe-inline'; sandbox[\r][\n]"
08:08:53.296 [main] DEBUG org.apache.hc.client5.http.wire - http-outgoing-0 << "Content-Type: text/plain; charset=utf-8[\r][\n]"
08:08:53.296 [main] DEBUG org.apache.hc.client5.http.wire - http-outgoing-0 << "ETag: W/"e82b438271e9e8680c688b0b680efd0bdd22faa6d6f0a32fc1fd8accc486b67e"[\r][\n]"
08:08:53.296 [main] DEBUG org.apache.hc.client5.http.wire - http-outgoing-0 << "Strict-Transport-Security: max-age=31536000[\r][\n]"
08:08:53.296 [main] DEBUG org.apache.hc.client5.http.wire - http-outgoing-0 << "X-Content-Type-Options: nosniff[\r][\n]"
08:08:53.296 [main] DEBUG org.apache.hc.client5.http.wire - http-outgoing-0 << "X-Frame-Options: deny[\r][\n]"
08:08:53.296 [main] DEBUG org.apache.hc.client5.http.wire - http-outgoing-0 << "X-XSS-Protection: 1; mode=block[\r][\n]"
08:08:53.296 [main] DEBUG org.apache.hc.client5.http.wire - http-outgoing-0 << "X-GitHub-Request-Id: 2E88:739A:463FCE:50FB0E:64780588[\r][\n]"
08:08:53.296 [main] DEBUG org.apache.hc.client5.http.wire - http-outgoing-0 << "Content-Encoding: gzip[\r][\n]"
08:08:53.296 [main] DEBUG org.apache.hc.client5.http.wire - http-outgoing-0 << "Accept-Ranges: bytes[\r][\n]"
08:08:53.296 [main] DEBUG org.apache.hc.client5.http.wire - http-outgoing-0 << "Date: Wed, 07 Jun 2023 01:08:53 GMT[\r][\n]"
08:08:53.296 [main] DEBUG org.apache.hc.client5.http.wire - http-outgoing-0 << "Via: 1.1 varnish[\r][\n]"
08:08:53.296 [main] DEBUG org.apache.hc.client5.http.wire - http-outgoing-0 << "X-Served-By: cache-qpg1246-QPG[\r][\n]"
08:08:53.296 [main] DEBUG org.apache.hc.client5.http.wire - http-outgoing-0 << "X-Cache: HIT[\r][\n]"
08:08:53.296 [main] DEBUG org.apache.hc.client5.http.wire - http-outgoing-0 << "X-Cache-Hits: 2[\r][\n]"
08:08:53.296 [main] DEBUG org.apache.hc.client5.http.wire - http-outgoing-0 << "X-Timer: S1686100133.146502,VS0,VE0[\r][\n]"
08:08:53.296 [main] DEBUG org.apache.hc.client5.http.wire - http-outgoing-0 << "Vary: Authorization,Accept-Encoding,Origin[\r][\n]"
08:08:53.296 [main] DEBUG org.apache.hc.client5.http.wire - http-outgoing-0 << "Access-Control-Allow-Origin: *[\r][\n]"
08:08:53.296 [main] DEBUG org.apache.hc.client5.http.wire - http-outgoing-0 << "X-Fastly-Request-ID: 833fff3b8c306c47e779bc0f5876b7e5d97d023c[\r][\n]"
08:08:53.296 [main] DEBUG org.apache.hc.client5.http.wire - http-outgoing-0 << "Expires: Wed, 07 Jun 2023 01:13:53 GMT[\r][\n]"
08:08:53.296 [main] DEBUG org.apache.hc.client5.http.wire - http-outgoing-0 << "Source-Age: 129[\r][\n]"
08:08:53.296 [main] DEBUG org.apache.hc.client5.http.wire - http-outgoing-0 << "[\r][\n]"
08:08:53.296 [main] DEBUG org.apache.hc.client5.http.headers - http-outgoing-0 << HTTP/1.1 200 OK
08:08:53.296 [main] DEBUG org.apache.hc.client5.http.headers - http-outgoing-0 << Connection: keep-alive
08:08:53.296 [main] DEBUG org.apache.hc.client5.http.headers - http-outgoing-0 << Content-Length: 723
08:08:53.296 [main] DEBUG org.apache.hc.client5.http.headers - http-outgoing-0 << Cache-Control: max-age=300
08:08:53.296 [main] DEBUG org.apache.hc.client5.http.headers - http-outgoing-0 << Content-Security-Policy: default-src 'none'; style-src 'unsafe-inline'; sandbox
08:08:53.296 [main] DEBUG org.apache.hc.client5.http.headers - http-outgoing-0 << Content-Type: text/plain; charset=utf-8
08:08:53.296 [main] DEBUG org.apache.hc.client5.http.headers - http-outgoing-0 << ETag: W/"e82b438271e9e8680c688b0b680efd0bdd22faa6d6f0a32fc1fd8accc486b67e"
08:08:53.296 [main] DEBUG org.apache.hc.client5.http.headers - http-outgoing-0 << Strict-Transport-Security: max-age=31536000
08:08:53.296 [main] DEBUG org.apache.hc.client5.http.headers - http-outgoing-0 << X-Content-Type-Options: nosniff
08:08:53.296 [main] DEBUG org.apache.hc.client5.http.headers - http-outgoing-0 << X-Frame-Options: deny
08:08:53.296 [main] DEBUG org.apache.hc.client5.http.headers - http-outgoing-0 << X-XSS-Protection: 1; mode=block
08:08:53.296 [main] DEBUG org.apache.hc.client5.http.headers - http-outgoing-0 << X-GitHub-Request-Id: 2E88:739A:463FCE:50FB0E:64780588
08:08:53.296 [main] DEBUG org.apache.hc.client5.http.headers - http-outgoing-0 << Content-Encoding: gzip
08:08:53.296 [main] DEBUG org.apache.hc.client5.http.headers - http-outgoing-0 << Accept-Ranges: bytes
08:08:53.296 [main] DEBUG org.apache.hc.client5.http.headers - http-outgoing-0 << Date: Wed, 07 Jun 2023 01:08:53 GMT
08:08:53.296 [main] DEBUG org.apache.hc.client5.http.headers - http-outgoing-0 << Via: 1.1 varnish
08:08:53.296 [main] DEBUG org.apache.hc.client5.http.headers - http-outgoing-0 << X-Served-By: cache-qpg1246-QPG
08:08:53.296 [main] DEBUG org.apache.hc.client5.http.headers - http-outgoing-0 << X-Cache: HIT
08:08:53.296 [main] DEBUG org.apache.hc.client5.http.headers - http-outgoing-0 << X-Cache-Hits: 2
08:08:53.296 [main] DEBUG org.apache.hc.client5.http.headers - http-outgoing-0 << X-Timer: S1686100133.146502,VS0,VE0
08:08:53.296 [main] DEBUG org.apache.hc.client5.http.headers - http-outgoing-0 << Vary: Authorization,Accept-Encoding,Origin
08:08:53.296 [main] DEBUG org.apache.hc.client5.http.headers - http-outgoing-0 << Access-Control-Allow-Origin: *
08:08:53.296 [main] DEBUG org.apache.hc.client5.http.headers - http-outgoing-0 << X-Fastly-Request-ID: 833fff3b8c306c47e779bc0f5876b7e5d97d023c
08:08:53.296 [main] DEBUG org.apache.hc.client5.http.headers - http-outgoing-0 << Expires: Wed, 07 Jun 2023 01:13:53 GMT
08:08:53.296 [main] DEBUG org.apache.hc.client5.http.headers - http-outgoing-0 << Source-Age: 129
08:08:53.307 [main] DEBUG org.apache.hc.client5.http.impl.classic.MainClientExec - ex-0000000001 connection can be kept alive for 3 MINUTES
08:08:53.307 [main] DEBUG org.apache.hc.client5.http.wire - http-outgoing-0 << "[0x1f][0xffffff8b][0x8][0x0][0x0][0x0][0x0][0x0][0x0][0x3][0xffffffb5]V]o[0xffffffda]0[0x14]}[0xffffffe7]W\[0xffffff81]*[0xffffffb5][0x12][0x1f][[M[0xffffffd3]$[0x1e]hF[0xffffffbb]i [0x18][0xffffffb4][0xffffffdd]&[0xfffffff9][0xffffffc5]$7[0xffffffc1]R[0x12]#;[0xffffff94]v[0xffffffbf]~[0xffffffb6][0xfffffff3]1[0xffffff92][0xffffff9a][0xffffffc1][0x1a]x[0xffffffcb][0xffffffb5][0xffffffaf][0xffffffcf]9[0xffffffbe][0xfffffff7]8v[0xb][0x1c][0x1e]E4[0xfffffff6]$x4[0xffffffa1][0xb]*[0xffffffb1][0xffffffd1][0xffffff82][0xfffffffb]%[0xffffff93][0xffffffe0][0xffffffb3][0x10][0xffffffc1][0xffffffe5]qBY,!Y[0xffffffea] KM8,[0x10][0xfffffff0][0x19][0xffffffdd]u[0xffffff82][0x1e][0xffffffb0][0xffffffd8]L[0xffffffcb]%[0xffffff86][0xffffffa1][0xe][0xffffffb8][0xfffffff0]P[0xffffffe8]$[0xf][0x13]t[0x13]3[0xfffffff9][0xffffff84]B2[0xffffffae][0xffffffe6]|@[0xfffffff5][0x1d][0x8][0xffffffc4][0x18][0x16][0xffffff82]o[0xffffffa4][0xffffff9a]P[0xffffff94][0xffffffe7][0xffffffce]R[0xfffffff0][0x8][0xffffffdb]p[0xffffffcb][0x4][0xfffffffa][0xfffffffc][0xffffffb9][\r][0xffffff93][0x15][\n]"
08:08:53.307 [main] DEBUG org.apache.hc.client5.http.wire - http-outgoing-0 << "[0xffffffda][0xffffff86][0xffffffa1][0x17][0xffffffa8]Q3[0xffffffcb][0xffffffd6][0xffffffd1][0xffffff85][0xffffffc6][0xfffffff7][0xffffff98][0xffffffef][0xffffffa3][0xffffffc0]8[0x1][0xffffffae]s[0x12][0x16][0x7] _d[0xffffff82][0xffffff91][0xffffff84][0xfffffff3][0x1f],[0xfffffff6][0x14]j[0x1b]F,^+[0xffffff98]1ua2[0xffffffbf]h([0xffffff8e][0xffffff94][0xffffffa2][0xffffff91]m[0xffffffa3][0xffffffeb][0xffffff9a][0xffffffb0][0xffffffbb]I[0x17]t[0xffffffdf][0xffffffbd][0xffffffef][0xffffffbb][0xffffff91][0xffffffd7]U[0xffffffbb][0xffffff82][0xffffff9e][0x3][0xffffff9b][0xffffff88][0xffffffb9][0xffffffa6]$[0xffffffa6][0xc][0xffffff9b][0xffffffa5][0xffffffe2][0xffffff83][0xffffff98]F[0xffffffd8]o[0xffffff9e]Mg[0xffffff93][0xffffffbb][0xffffffd9]`|[0xfffffffb]u4[0xffffff9c][0x7f]"}B[0xffffffce][0x8][0xffffffb9][0xffffffe3]<[0x8][0xffffff91][0xffffff90][0xffffff94][0xffffff82][0xffffff90][0xffffffc1]j[0x15]2WI[0xffffffe3]1![0x19][0xffffff91]BnB[0xffffff80][0x9]<f[0xffffffb5][0xffffffe8]=[0xffffffd1]p[0xffffffbd][[0xffffffcf][0xffffffe5][0x1b][0xfffffff4][0xffffff9c][0xffffffff][0xfffffffc][0xfffffff8][0xffffffe1][0xffffffe2][0xffffff94][0xffffffa2][0xffffffae][0xe][0x14]5[0xffffff9a]8[0xffffff83][0xffffffd1]`:[0xfffffffd]<[0xffffffb8][0x1f][0xffffff9c]R[0xffffffcf]u[0x7f]6[0xffffffbc][0xffffff83][0xffffffef][0xf][0xffffffc3][0xffffffd9]/[0xfffffff8][0xfffffff2][0xffffffcd]y s[0xffffffee]'[0x1b]*0g[0xffffffcb][0xffffffc8]nF7H][0xffffff83][0xffffff97]{[0xffffffb1]Q[0x5][\r][0xffffffb5]c[0xffffffb4][0xf][0x2][0xffffffb3][0xffffffb4][0xffffff93][0xe]C[0xffffffa7][0xffffffb3]kAD][0xffffff9d][0xffffffde][0xffffffdb][0xffffffda][0xffffff88][0xffffffec][0xffffffa5][0xffffffbc][0xffffff99][0xffffffd9][0xffffffba]t[0xffffffb5][0xffffffea]9[0xffffffea][0x10])[0xffffffb7][0xffffffca][0xffffff9e][0xfffffff2][0xffffffe2]d^N[0xffffffd8]FW[0x16][0xffffffcd][0xffffffdc]_[0x10][0xfffffff9]i|[0x1c][0xffffff93][0xffffff8e][0xfffffff9]o[0x16][0xffffff86]4'!$G[0xffffffdf]W[0xfffffff4]W*j[[0xfffffff3]xR[0xffffffae][0xffffffb6][0xc][0xffffffd0],; #[0xffffffa9][0xffffff92]5[0xffffffb5][0x7][0xffffff9c][0xffffffb5][0xffffffd0][0x7f][0xffffff90][0xffffffc7]jgs[0xfffffffc][0xffffffc2][0xb][0xffffffd9][0x0]t[0xffffff9e]^'Y[0xfffffffb][0xffffff9f][0xffffffb1][0xffffffd8]:[0xffffffbf][0xffffff8d][0xffffffa5][0xffffff9a][0xffffffad][0x7f]m[0x5]&[0xffffffaa][0xffffffa0]^[0xffffff9b][0xffffffcb][0x5]f[0xffffffae][0xffffffe0]RU[0xffffff82][0x10]MS9l[0xffffff91]4t[0xfffffffb][0xffffff8a]][0xffffffd6][0xfffffff4][0xffffff96][0xffffffa6][0xffffff9f]P[0xffffffce][0xffffffd5][0xffffffce][0xffffff93][0xffffffff][0xffffff97][0xffffffcc]p[0xfffffffd][0xfffffff3][0xffffffe8][0x1b][0xffffffcc][0xffffffa2][0xffffffd9]Q[0xffffffbe][0xffffffb2][0xffffffa3][0xffffffc7]m'[0xffffffdf][0xffffffe4][[0xfffffffb]^[0xffffffb0][0xffffff9a][0xffffffbe][0xffffffda][0xffffffda]_[0xffffffce][0xffffff80][0xffffffd2][0xffffffc1]7[0xffffffb7]][0xffffffc1]b[0xffffffee][0xffffffb5][0xffffffff]w[0xffffff83][0xffffffed][0xffffffa7];[0x15]<[0x10]4[0xffffff92][0xffffff84][0x18][\n]"
08:08:53.307 [main] DEBUG org.apache.hc.client5.http.wire - http-outgoing-0 << "BB[0xffffffba][0xffffff8e]][0xffffffb5]jo[0xffffffb9]+"[0xffffffea][0xffffffb4][0xffffffff]h"[0xffffffea]\?5[0xffffffa9][0xffffffaf]k[0xffffffec][0xffffffff]P[0xffffffea][\n]"
08:08:53.307 [main] DEBUG org.apache.hc.client5.http.wire - http-outgoing-0 << "w[0xffffffe1]K[0x13][0xffffffda][0xffffffec][0xffffff98][0xffffffe6]Y[0xfffffffd]h8m6[0xffffff9c]T[0xffffffc1][0xfffffff2][0xffffffa7][0xffffff91]z_[0xffffff95]o85p[0x1c][0x13][0xffffffe6][0xfffffff0]5[0xffffffee][0xfffffffc][0xffffff92][0xffffff96][0xffffffda][0xfffffff7][0xffffffcf][0xffffffb1][0x5][0x1d][0xffffffea]K[0xffffff9b]9[0xffffff8e][0xffffffad]e[0xfffffff7][0xffffff93][0xffffffa8]`[0xffffffda][0xffffffff][0x1a][0xffffffd2][0xffffff88][0xffffff85][0xfffffffd][0xfffffff2][0xffffff91]N[0xfffffff6]`[0xffffffdf]2[0xffffffcf][0xffffffae]E[0xffffff97][0xffffffc5][0xffffffa2][0xffffff9d][0xffffffef]'[0xffffff9d]mun.[0xffffffd3]f^[0xffffffc7][0xffffff82][0xffffffda][0xffffff82]9[0xfffffff5][0xffffffa9]`[0x5][0xffffffbc]4[0xffffffa1][0x1d]<M[0xffffffb5]A[0xffffffa7]3[[0xffffffc0][0x7f][0x0][0xffffffc1][0xffffffd0]$[0xffffff85][0x1d][\r][0x0][0x0]"
08:08:53.307 [main] DEBUG org.apache.hc.client5.http.impl.classic.InternalHttpClient - ep-0000000000 releasing valid endpoint
08:08:53.307 [main] DEBUG org.apache.hc.client5.http.impl.io.PoolingHttpClientConnectionManager - ep-0000000000 releasing endpoint
08:08:53.307 [main] DEBUG org.apache.hc.client5.http.impl.io.PoolingHttpClientConnectionManager - ep-0000000000 connection http-outgoing-0 can be kept alive for 3 MINUTES
08:08:53.307 [main] DEBUG org.apache.hc.client5.http.impl.io.PoolingHttpClientConnectionManager - ep-0000000000 connection released [route: {s}->https://raw.githubusercontent.com:443][total available: 1; route allocated: 1 of 5; total allocated: 1 of 25]
08:08:53.307 [main] DEBUG io.github.bonigarcia.wdm.versions.VersionDetector - Detecting chrome version using online commands.properties
08:08:53.307 [main] DEBUG io.github.bonigarcia.wdm.versions.Shell - Running command on the shell: [cmd.exe, /C, wmic, datafile, where, name="%PROGRAMFILES:\=\\%\\Google\\Chrome\\Application\\chrome.exe", get, Version, /value]
08:08:53.647 [main] DEBUG io.github.bonigarcia.wdm.versions.Shell - Result: 
08:08:53.648 [main] DEBUG io.github.bonigarcia.wdm.versions.Shell - Running command on the shell: [cmd.exe, /C, wmic, datafile, where, name="%PROGRAMFILES(X86):\=\\%\\Google\\Chrome\\Application\\chrome.exe", get, Version, /value]
08:08:53.853 [main] DEBUG io.github.bonigarcia.wdm.versions.Shell - Result: 
08:08:53.854 [main] DEBUG io.github.bonigarcia.wdm.versions.Shell - Running command on the shell: [cmd.exe, /C, wmic, datafile, where, name="%LOCALAPPDATA:\=\\%\\Google\\Chrome\\Application\\chrome.exe", get, Version, /value]
08:08:54.050 [main] DEBUG io.github.bonigarcia.wdm.versions.Shell - Result: 
08:08:54.050 [main] DEBUG io.github.bonigarcia.wdm.versions.Shell - Running command on the shell: [REG, QUERY, HKCU\Software\Google\Chrome\BLBeacon, /v, version]
08:08:54.113 [main] DEBUG io.github.bonigarcia.wdm.versions.Shell - Result: HKEY_CURRENT_USER\Software\Google\Chrome\BLBeacon
    version    REG_SZ    114.0.5735.110
08:08:54.113 [main] DEBUG io.github.bonigarcia.wdm.cache.ResolutionCache - Resolution chrome114=114.0.5735.90 in cache (valid until 11:25:24 07/06/2023 ICT)
08:08:54.113 [main] INFO io.github.bonigarcia.wdm.WebDriverManager - Using chromedriver 114.0.5735.90 (resolved driver for Chrome 114)
08:08:54.113 [main] DEBUG io.github.bonigarcia.wdm.cache.ResolutionCache - Storing resolution chrome=114 in cache (valid until 09:08:54 07/06/2023 ICT)
08:08:54.144 [main] DEBUG io.github.bonigarcia.wdm.WebDriverManager - Driver chromedriver 114.0.5735.90 found in cache
08:08:54.149 [main] INFO io.github.bonigarcia.wdm.WebDriverManager - Exporting webdriver.chrome.driver as C:\Users\ASUS\.cache\selenium\chromedriver\win32\114.0.5735.90\chromedriver.exe
08:08:54.255 [main] INFO net.serenitybdd.core.webdriver.driverproviders.ChromeDriverProvider - Starting Chrome driver instance with capabilities:
08:08:54.255 [main] INFO net.serenitybdd.core.webdriver.driverproviders.ChromeDriverProvider - Capabilities {acceptInsecureCerts: false, browserName: chrome, goog:chromeOptions: {args: [remote-allow-origins=*, --start-maximized], extensions: []}}
08:08:54.371 [main] DEBUG io.netty.util.internal.logging.InternalLoggerFactory - Using SLF4J as the default logging framework
08:08:54.371 [main] DEBUG io.netty.util.ResourceLeakDetector - -Dio.netty.leakDetection.level: simple
08:08:54.371 [main] DEBUG io.netty.util.ResourceLeakDetector - -Dio.netty.leakDetection.targetRecords: 4
08:08:54.371 [main] DEBUG io.netty.util.ResourceLeakDetectorFactory - Loaded default ResourceLeakDetector: io.netty.util.ResourceLeakDetector@108edc5
08:08:54.403 [main] DEBUG io.netty.util.internal.PlatformDependent0 - -Dio.netty.noUnsafe: false
08:08:54.403 [main] DEBUG io.netty.util.internal.PlatformDependent0 - Java version: 8
08:08:54.403 [main] DEBUG io.netty.util.internal.PlatformDependent0 - sun.misc.Unsafe.theUnsafe: available
08:08:54.403 [main] DEBUG io.netty.util.internal.PlatformDependent0 - sun.misc.Unsafe.copyMemory: available
08:08:54.403 [main] DEBUG io.netty.util.internal.PlatformDependent0 - sun.misc.Unsafe.storeFence: available
08:08:54.403 [main] DEBUG io.netty.util.internal.PlatformDependent0 - java.nio.Buffer.address: available
08:08:54.403 [main] DEBUG io.netty.util.internal.PlatformDependent0 - direct buffer constructor: available
08:08:54.403 [main] DEBUG io.netty.util.internal.PlatformDependent0 - java.nio.Bits.unaligned: available, true
08:08:54.403 [main] DEBUG io.netty.util.internal.PlatformDependent0 - jdk.internal.misc.Unsafe.allocateUninitializedArray(int): unavailable prior to Java9
08:08:54.403 [main] DEBUG io.netty.util.internal.PlatformDependent0 - java.nio.DirectByteBuffer.<init>(long, int): available
08:08:54.403 [main] DEBUG io.netty.util.internal.PlatformDependent - sun.misc.Unsafe: available
08:08:54.403 [main] DEBUG io.netty.util.internal.PlatformDependent - -Dio.netty.tmpdir: C:\Users\ASUS\AppData\Local\Temp (java.io.tmpdir)
08:08:54.403 [main] DEBUG io.netty.util.internal.PlatformDependent - -Dio.netty.bitMode: 32 (sun.arch.data.model)
08:08:54.403 [main] DEBUG io.netty.util.internal.PlatformDependent - Platform: Windows
08:08:54.403 [main] DEBUG io.netty.util.internal.PlatformDependent - -Dio.netty.maxDirectMemory: 259522560 bytes
08:08:54.403 [main] DEBUG io.netty.util.internal.PlatformDependent - -Dio.netty.uninitializedArrayAllocationThreshold: -1
08:08:54.403 [main] DEBUG io.netty.util.internal.CleanerJava6 - java.nio.ByteBuffer.cleaner(): available
08:08:54.403 [main] DEBUG io.netty.util.internal.PlatformDependent - -Dio.netty.noPreferDirect: false
08:08:54.418 [main] DEBUG io.netty.util.internal.PlatformDependent - org.jctools-core.MpscChunkedArrayQueue: available
08:08:54.449 [main] DEBUG io.netty.util.internal.InternalThreadLocalMap - -Dio.netty.threadLocalMap.stringBuilder.initialSize: 1024
08:08:54.449 [main] DEBUG io.netty.util.internal.InternalThreadLocalMap - -Dio.netty.threadLocalMap.stringBuilder.maxSize: 4096
08:08:54.481 [main] DEBUG io.netty.handler.ssl.JdkSslContext - Default protocols (JDK): [TLSv1.2] 
08:08:54.481 [main] DEBUG io.netty.handler.ssl.JdkSslContext - Default cipher suites (JDK): [TLS_ECDHE_ECDSA_WITH_AES_256_GCM_SHA384, TLS_ECDHE_ECDSA_WITH_AES_128_GCM_SHA256, TLS_ECDHE_RSA_WITH_AES_128_GCM_SHA256, TLS_ECDHE_RSA_WITH_AES_256_GCM_SHA384, TLS_ECDHE_RSA_WITH_AES_128_CBC_SHA, TLS_ECDHE_RSA_WITH_AES_256_CBC_SHA, TLS_RSA_WITH_AES_128_GCM_SHA256, TLS_RSA_WITH_AES_128_CBC_SHA, TLS_RSA_WITH_AES_256_CBC_SHA, TLS_AES_128_GCM_SHA256, TLS_AES_256_GCM_SHA384]
08:08:54.528 [main] DEBUG io.netty.channel.MultithreadEventLoopGroup - -Dio.netty.eventLoopThreads: 16
08:08:54.534 [main] DEBUG io.netty.channel.nio.NioEventLoop - -Dio.netty.noKeySetOptimization: false
08:08:54.534 [main] DEBUG io.netty.channel.nio.NioEventLoop - -Dio.netty.selectorAutoRebuildThreshold: 512
08:08:54.613 [main] DEBUG io.netty.buffer.PooledByteBufAllocator - -Dio.netty.allocator.numHeapArenas: 10
08:08:54.613 [main] DEBUG io.netty.buffer.PooledByteBufAllocator - -Dio.netty.allocator.numDirectArenas: 10
08:08:54.613 [main] DEBUG io.netty.buffer.PooledByteBufAllocator - -Dio.netty.allocator.pageSize: 8192
08:08:54.613 [main] DEBUG io.netty.buffer.PooledByteBufAllocator - -Dio.netty.allocator.maxOrder: 9
08:08:54.613 [main] DEBUG io.netty.buffer.PooledByteBufAllocator - -Dio.netty.allocator.chunkSize: 4194304
08:08:54.613 [main] DEBUG io.netty.buffer.PooledByteBufAllocator - -Dio.netty.allocator.smallCacheSize: 256
08:08:54.613 [main] DEBUG io.netty.buffer.PooledByteBufAllocator - -Dio.netty.allocator.normalCacheSize: 64
08:08:54.613 [main] DEBUG io.netty.buffer.PooledByteBufAllocator - -Dio.netty.allocator.maxCachedBufferCapacity: 32768
08:08:54.613 [main] DEBUG io.netty.buffer.PooledByteBufAllocator - -Dio.netty.allocator.cacheTrimInterval: 8192
08:08:54.613 [main] DEBUG io.netty.buffer.PooledByteBufAllocator - -Dio.netty.allocator.cacheTrimIntervalMillis: 0
08:08:54.614 [main] DEBUG io.netty.buffer.PooledByteBufAllocator - -Dio.netty.allocator.useCacheForAllThreads: false
08:08:54.614 [main] DEBUG io.netty.buffer.PooledByteBufAllocator - -Dio.netty.allocator.maxCachedByteBuffersPerChunk: 1023
08:08:54.632 [main] DEBUG io.netty.buffer.ByteBufUtil - -Dio.netty.allocator.type: pooled
08:08:54.632 [main] DEBUG io.netty.buffer.ByteBufUtil - -Dio.netty.threadLocalDirectBufferSize: 0
08:08:54.632 [main] DEBUG io.netty.buffer.ByteBufUtil - -Dio.netty.maxThreadLocalCharBufferSize: 16384
08:08:57.526 [Forwarding newSession on session null to remote] DEBUG io.netty.channel.DefaultChannelId - -Dio.netty.processId: 10472 (auto-detected)
08:08:57.533 [Forwarding newSession on session null to remote] DEBUG io.netty.util.NetUtil - -Djava.net.preferIPv4Stack: false
08:08:57.533 [Forwarding newSession on session null to remote] DEBUG io.netty.util.NetUtil - -Djava.net.preferIPv6Addresses: false
08:08:58.098 [Forwarding newSession on session null to remote] DEBUG io.netty.util.NetUtilInitializations - Loopback interface: lo (Software Loopback Interface 1, 127.0.0.1)
08:08:58.098 [Forwarding newSession on session null to remote] DEBUG io.netty.util.NetUtil - Failed to get SOMAXCONN from sysctl and file \proc\sys\net\core\somaxconn. Default: 200
08:08:58.130 [Forwarding newSession on session null to remote] DEBUG io.netty.channel.DefaultChannelId - -Dio.netty.machineId: 3c:58:c2:ff:fe:bc:fb:24 (auto-detected)
08:08:58.312 [AsyncHttpClient-1-2] DEBUG io.netty.buffer.AbstractByteBuf - -Dio.netty.buffer.checkAccessible: true
08:08:58.312 [AsyncHttpClient-1-2] DEBUG io.netty.buffer.AbstractByteBuf - -Dio.netty.buffer.checkBounds: true
08:08:58.312 [AsyncHttpClient-1-2] DEBUG io.netty.util.ResourceLeakDetectorFactory - Loaded default ResourceLeakDetector: io.netty.util.ResourceLeakDetector@1d54007
08:08:58.356 [AsyncHttpClient-1-2] DEBUG org.asynchttpclient.netty.channel.NettyConnectListener - Using new Channel '[id: 0x0ac812d1, L:/127.0.0.1:53313 - R:localhost/127.0.0.1:38369]' for 'POST' to '/session'
08:08:58.410 [AsyncHttpClient-1-2] DEBUG io.netty.util.Recycler - -Dio.netty.recycler.maxCapacityPerThread: 4096
08:08:58.410 [AsyncHttpClient-1-2] DEBUG io.netty.util.Recycler - -Dio.netty.recycler.ratio: 8
08:08:58.411 [AsyncHttpClient-1-2] DEBUG io.netty.util.Recycler - -Dio.netty.recycler.chunkSize: 32
08:08:58.411 [AsyncHttpClient-1-2] DEBUG io.netty.util.Recycler - -Dio.netty.recycler.blocking: false
08:09:01.458 [AsyncHttpClient-1-2] DEBUG io.netty.handler.codec.compression.Brotli - brotli4j not in the classpath; Brotli support will be unavailable.
08:09:01.459 [AsyncHttpClient-1-2] DEBUG org.asynchttpclient.netty.handler.HttpHandler - 

Request DefaultHttpRequest(decodeResult: success, version: HTTP/1.1)
POST /session HTTP/1.1
User-Agent: selenium/4.8.1 (java windows)
Content-Length: 569
Content-Type: application/json; charset=utf-8
host: localhost:38369
accept: */*

Response DefaultHttpResponse(decodeResult: success, version: HTTP/1.1)
HTTP/1.1 200 OK
Content-Length: 859
Content-Type: application/json; charset=utf-8
cache-control: no-cache

08:09:01.504 [AsyncHttpClient-1-2] DEBUG org.asynchttpclient.netty.channel.ChannelManager - Adding key: http://localhost:38369 for channel [id: 0x0ac812d1, L:/127.0.0.1:53313 - R:localhost/127.0.0.1:38369]
08:09:01.772 [AsyncHttpClient-1-3] DEBUG org.asynchttpclient.netty.channel.NettyConnectListener - Using new Channel '[id: 0x5d1a6f57, L:/127.0.0.1:53321 - R:localhost/127.0.0.1:53314]' for 'GET' to '/json/version'
08:09:01.775 [AsyncHttpClient-1-3] DEBUG org.asynchttpclient.netty.handler.HttpHandler - 

Request DefaultFullHttpRequest(decodeResult: success, version: HTTP/1.1, content: EmptyByteBufBE)
GET /json/version HTTP/1.1
User-Agent: selenium/4.8.1 (java windows)
host: localhost:53314
accept: */*

Response DefaultHttpResponse(decodeResult: success, version: HTTP/1.1)
HTTP/1.1 200 OK
Content-Security-Policy: frame-ancestors 'none'
Content-Length: 424
Content-Type: application/json; charset=UTF-8

08:09:01.776 [AsyncHttpClient-1-3] DEBUG org.asynchttpclient.netty.channel.ChannelManager - Adding key: http://localhost:53314 for channel [id: 0x5d1a6f57, L:/127.0.0.1:53321 - R:localhost/127.0.0.1:53314]
08:09:01.803 [main] DEBUG io.netty.util.internal.ThreadLocalRandom - -Dio.netty.initialSeedUniquifier: 0x3b592138fc708dd0
08:09:01.821 [AsyncHttpClient-1-4] DEBUG org.asynchttpclient.netty.channel.NettyConnectListener - Using new Channel '[id: 0x6ea7fc59, L:/127.0.0.1:53323 - R:localhost/127.0.0.1:53314]' for 'GET' to '/devtools/browser/99780156-7114-4f4d-894a-1cd1eebeae4c'
08:09:01.821 [AsyncHttpClient-1-4] DEBUG org.asynchttpclient.netty.handler.WebSocketHandler - 

Request DefaultFullHttpRequest(decodeResult: success, version: HTTP/1.1, content: EmptyByteBufBE)
GET /devtools/browser/99780156-7114-4f4d-894a-1cd1eebeae4c HTTP/1.1
upgrade: websocket
connection: upgrade
sec-websocket-key: 46wxeqJyr7+FHGU2IRcUAw==
sec-websocket-version: 13
origin: http://localhost:53314
host: localhost:53314
accept: */*
user-agent: AHC/2.1

Response DefaultHttpResponse(decodeResult: success, version: HTTP/1.1)
HTTP/1.1 101 WebSocket Protocol Handshake
Upgrade: WebSocket
Connection: Upgrade
Sec-WebSocket-Accept: MPJUoWs+oRtFKDBuSdudj5vDwXk=

08:09:02.123 [Forwarding get on session d44f85a7bf5b7f83ee44f7a63dfa397a to remote] DEBUG org.asynchttpclient.netty.request.NettyRequestSender - Using pooled Channel '[id: 0x0ac812d1, L:/127.0.0.1:53313 - R:localhost/127.0.0.1:38369]' for 'POST' to 'http://localhost:38369/session/d44f85a7bf5b7f83ee44f7a63dfa397a/url'
08:09:02.123 [Forwarding get on session d44f85a7bf5b7f83ee44f7a63dfa397a to remote] DEBUG org.asynchttpclient.netty.request.NettyRequestSender - Using open Channel [id: 0x0ac812d1, L:/127.0.0.1:53313 - R:localhost/127.0.0.1:38369] for POST '/session/d44f85a7bf5b7f83ee44f7a63dfa397a/url'
08:09:02.247 [AsyncHttpClient-1-1] DEBUG org.asynchttpclient.netty.channel.DefaultChannelPool - Entry count for : http://localhost:53314 : 1
08:09:03.341 [AsyncHttpClient-1-1] DEBUG org.asynchttpclient.netty.channel.DefaultChannelPool - Entry count for : http://localhost:53314 : 1
08:09:04.448 [AsyncHttpClient-1-1] DEBUG org.asynchttpclient.netty.channel.DefaultChannelPool - Entry count for : http://localhost:53314 : 1
08:09:05.538 [AsyncHttpClient-1-1] DEBUG org.asynchttpclient.netty.channel.DefaultChannelPool - Entry count for : http://localhost:53314 : 1
08:09:06.297 [AsyncHttpClient-1-2] DEBUG org.asynchttpclient.netty.handler.HttpHandler - 

Request DefaultHttpRequest(decodeResult: success, version: HTTP/1.1)
POST /session/d44f85a7bf5b7f83ee44f7a63dfa397a/url HTTP/1.1
User-Agent: selenium/4.8.1 (java windows)
Content-Length: 69
Content-Type: application/json; charset=utf-8
host: localhost:38369
accept: */*

Response DefaultHttpResponse(decodeResult: success, version: HTTP/1.1)
HTTP/1.1 200 OK
Content-Length: 14
Content-Type: application/json; charset=utf-8
cache-control: no-cache

08:09:06.298 [AsyncHttpClient-1-2] DEBUG org.asynchttpclient.netty.channel.ChannelManager - Adding key: http://localhost:38369 for channel [id: 0x0ac812d1, L:/127.0.0.1:53313 - R:localhost/127.0.0.1:38369]
08:09:06.353 [Forwarding setTimeout on session d44f85a7bf5b7f83ee44f7a63dfa397a to remote] DEBUG org.asynchttpclient.netty.request.NettyRequestSender - Using pooled Channel '[id: 0x0ac812d1, L:/127.0.0.1:53313 - R:localhost/127.0.0.1:38369]' for 'POST' to 'http://localhost:38369/session/d44f85a7bf5b7f83ee44f7a63dfa397a/timeouts'
08:09:06.353 [Forwarding setTimeout on session d44f85a7bf5b7f83ee44f7a63dfa397a to remote] DEBUG org.asynchttpclient.netty.request.NettyRequestSender - Using open Channel [id: 0x0ac812d1, L:/127.0.0.1:53313 - R:localhost/127.0.0.1:38369] for POST '/session/d44f85a7bf5b7f83ee44f7a63dfa397a/timeouts'
08:09:06.354 [AsyncHttpClient-1-2] DEBUG org.asynchttpclient.netty.handler.HttpHandler - 

Request DefaultHttpRequest(decodeResult: success, version: HTTP/1.1)
POST /session/d44f85a7bf5b7f83ee44f7a63dfa397a/timeouts HTTP/1.1
User-Agent: selenium/4.8.1 (java windows)
Content-Length: 22
Content-Type: application/json; charset=utf-8
host: localhost:38369
accept: */*

Response DefaultHttpResponse(decodeResult: success, version: HTTP/1.1)
HTTP/1.1 200 OK
Content-Length: 14
Content-Type: application/json; charset=utf-8
cache-control: no-cache

08:09:06.354 [AsyncHttpClient-1-2] DEBUG org.asynchttpclient.netty.channel.ChannelManager - Adding key: http://localhost:38369 for channel [id: 0x0ac812d1, L:/127.0.0.1:53313 - R:localhost/127.0.0.1:38369]
08:09:06.386 [main] DEBUG net.thucydides.core.steps.StepInterceptor - STEP DONE: {0} opens the #targetPageName
08:09:06.386 [main] DEBUG net.thucydides.core.steps.StepInterceptor - STEP DONE: !#title
  &amp#27;[32mGiven &amp#27;[0m&amp#27;[32m&amp#27;[0m&amp#27;[32m&amp#27;[1muser&amp#27;[0m&amp#27;[32m open DBS login page&amp#27;[0m           &amp#27;[90m# DbsIndonesia.StepDeffinition.LoginStepdefs.userOpenDBSLoginPage(net.serenitybdd.screenplay.Actor)&amp#27;[0m
08:09:06.543 [main] DEBUG net.thucydides.core.steps.StepInterceptor - STARTING STEP: LoginStepdefs.userInputEmailAndPassword - !#title
08:09:06.543 [main] DEBUG net.thucydides.core.steps.StepInterceptor - STARTING STEP: LoginStepdefs.userInputEmailAndPassword - {0} enters #theTextAsAString into #target
08:09:06.559 [main] DEBUG net.serenitybdd.screenplay.targets.IFrameSwitcher - default content already selected for DBS username
08:09:06.621 [Forwarding findElement on session d44f85a7bf5b7f83ee44f7a63dfa397a to remote] DEBUG org.asynchttpclient.netty.request.NettyRequestSender - Using pooled Channel '[id: 0x0ac812d1, L:/127.0.0.1:53313 - R:localhost/127.0.0.1:38369]' for 'POST' to 'http://localhost:38369/session/d44f85a7bf5b7f83ee44f7a63dfa397a/element'
08:09:06.621 [Forwarding findElement on session d44f85a7bf5b7f83ee44f7a63dfa397a to remote] DEBUG org.asynchttpclient.netty.request.NettyRequestSender - Using open Channel [id: 0x0ac812d1, L:/127.0.0.1:53313 - R:localhost/127.0.0.1:38369] for POST '/session/d44f85a7bf5b7f83ee44f7a63dfa397a/element'
08:09:06.637 [AsyncHttpClient-1-1] DEBUG org.asynchttpclient.netty.channel.DefaultChannelPool - Entry count for : http://localhost:53314 : 1
08:09:06.653 [AsyncHttpClient-1-2] DEBUG org.asynchttpclient.netty.handler.HttpHandler - 

Request DefaultHttpRequest(decodeResult: success, version: HTTP/1.1)
POST /session/d44f85a7bf5b7f83ee44f7a63dfa397a/element HTTP/1.1
User-Agent: selenium/4.8.1 (java windows)
Content-Length: 70
Content-Type: application/json; charset=utf-8
host: localhost:38369
accept: */*

Response DefaultHttpResponse(decodeResult: success, version: HTTP/1.1)
HTTP/1.1 200 OK
Content-Length: 94
Content-Type: application/json; charset=utf-8
cache-control: no-cache

08:09:06.653 [AsyncHttpClient-1-2] DEBUG org.asynchttpclient.netty.channel.ChannelManager - Adding key: http://localhost:38369 for channel [id: 0x0ac812d1, L:/127.0.0.1:53313 - R:localhost/127.0.0.1:38369]
08:09:06.670 [Forwarding clearElement on session d44f85a7bf5b7f83ee44f7a63dfa397a to remote] DEBUG org.asynchttpclient.netty.request.NettyRequestSender - Using pooled Channel '[id: 0x0ac812d1, L:/127.0.0.1:53313 - R:localhost/127.0.0.1:38369]' for 'POST' to 'http://localhost:38369/session/d44f85a7bf5b7f83ee44f7a63dfa397a/element/C5CFAE05561DC208C6B35BDC365D1738_element_6/clear'
08:09:06.670 [Forwarding clearElement on session d44f85a7bf5b7f83ee44f7a63dfa397a to remote] DEBUG org.asynchttpclient.netty.request.NettyRequestSender - Using open Channel [id: 0x0ac812d1, L:/127.0.0.1:53313 - R:localhost/127.0.0.1:38369] for POST '/session/d44f85a7bf5b7f83ee44f7a63dfa397a/element/C5CFAE05561DC208C6B35BDC365D1738_element_6/clear'
08:09:06.747 [AsyncHttpClient-1-2] DEBUG org.asynchttpclient.netty.handler.HttpHandler - 

Request DefaultHttpRequest(decodeResult: success, version: HTTP/1.1)
POST /session/d44f85a7bf5b7f83ee44f7a63dfa397a/element/C5CFAE05561DC208C6B35BDC365D1738_element_6/clear HTTP/1.1
User-Agent: selenium/4.8.1 (java windows)
Content-Length: 56
Content-Type: application/json; charset=utf-8
host: localhost:38369
accept: */*

Response DefaultHttpResponse(decodeResult: success, version: HTTP/1.1)
HTTP/1.1 200 OK
Content-Length: 14
Content-Type: application/json; charset=utf-8
cache-control: no-cache

08:09:06.747 [AsyncHttpClient-1-2] DEBUG org.asynchttpclient.netty.channel.ChannelManager - Adding key: http://localhost:38369 for channel [id: 0x0ac812d1, L:/127.0.0.1:53313 - R:localhost/127.0.0.1:38369]
08:09:06.747 [Forwarding sendKeysToElement on session d44f85a7bf5b7f83ee44f7a63dfa397a to remote] DEBUG org.asynchttpclient.netty.request.NettyRequestSender - Using pooled Channel '[id: 0x0ac812d1, L:/127.0.0.1:53313 - R:localhost/127.0.0.1:38369]' for 'POST' to 'http://localhost:38369/session/d44f85a7bf5b7f83ee44f7a63dfa397a/element/C5CFAE05561DC208C6B35BDC365D1738_element_6/value'
08:09:06.747 [Forwarding sendKeysToElement on session d44f85a7bf5b7f83ee44f7a63dfa397a to remote] DEBUG org.asynchttpclient.netty.request.NettyRequestSender - Using open Channel [id: 0x0ac812d1, L:/127.0.0.1:53313 - R:localhost/127.0.0.1:38369] for POST '/session/d44f85a7bf5b7f83ee44f7a63dfa397a/element/C5CFAE05561DC208C6B35BDC365D1738_element_6/value'
08:09:06.872 [AsyncHttpClient-1-2] DEBUG org.asynchttpclient.netty.handler.HttpHandler - 

Request DefaultHttpRequest(decodeResult: success, version: HTTP/1.1)
POST /session/d44f85a7bf5b7f83ee44f7a63dfa397a/element/C5CFAE05561DC208C6B35BDC365D1738_element_6/value HTTP/1.1
User-Agent: selenium/4.8.1 (java windows)
Content-Length: 167
Content-Type: application/json; charset=utf-8
host: localhost:38369
accept: */*

Response DefaultHttpResponse(decodeResult: success, version: HTTP/1.1)
HTTP/1.1 200 OK
Content-Length: 14
Content-Type: application/json; charset=utf-8
cache-control: no-cache

08:09:06.872 [AsyncHttpClient-1-2] DEBUG org.asynchttpclient.netty.channel.ChannelManager - Adding key: http://localhost:38369 for channel [id: 0x0ac812d1, L:/127.0.0.1:53313 - R:localhost/127.0.0.1:38369]
08:09:06.888 [main] DEBUG net.thucydides.core.steps.StepInterceptor - STEP DONE: {0} enters #theTextAsAString into #target
08:09:06.890 [main] DEBUG net.thucydides.core.steps.StepInterceptor - STEP DONE: !#title
08:09:06.890 [main] DEBUG net.thucydides.core.steps.StepInterceptor - STARTING STEP: LoginStepdefs.userInputEmailAndPassword - !#title
08:09:06.890 [main] DEBUG net.thucydides.core.steps.StepInterceptor - STARTING STEP: LoginStepdefs.userInputEmailAndPassword - {0} enters #theTextAsAString into #target
08:09:06.890 [main] DEBUG net.serenitybdd.screenplay.targets.IFrameSwitcher - default content already selected for DBS password
08:09:06.904 [Forwarding findElement on session d44f85a7bf5b7f83ee44f7a63dfa397a to remote] DEBUG org.asynchttpclient.netty.request.NettyRequestSender - Using pooled Channel '[id: 0x0ac812d1, L:/127.0.0.1:53313 - R:localhost/127.0.0.1:38369]' for 'POST' to 'http://localhost:38369/session/d44f85a7bf5b7f83ee44f7a63dfa397a/element'
08:09:06.904 [Forwarding findElement on session d44f85a7bf5b7f83ee44f7a63dfa397a to remote] DEBUG org.asynchttpclient.netty.request.NettyRequestSender - Using open Channel [id: 0x0ac812d1, L:/127.0.0.1:53313 - R:localhost/127.0.0.1:38369] for POST '/session/d44f85a7bf5b7f83ee44f7a63dfa397a/element'
08:09:06.921 [AsyncHttpClient-1-2] DEBUG org.asynchttpclient.netty.handler.HttpHandler - 

Request DefaultHttpRequest(decodeResult: success, version: HTTP/1.1)
POST /session/d44f85a7bf5b7f83ee44f7a63dfa397a/element HTTP/1.1
User-Agent: selenium/4.8.1 (java windows)
Content-Length: 70
Content-Type: application/json; charset=utf-8
host: localhost:38369
accept: */*

Response DefaultHttpResponse(decodeResult: success, version: HTTP/1.1)
HTTP/1.1 200 OK
Content-Length: 94
Content-Type: application/json; charset=utf-8
cache-control: no-cache

08:09:06.921 [AsyncHttpClient-1-2] DEBUG org.asynchttpclient.netty.channel.ChannelManager - Adding key: http://localhost:38369 for channel [id: 0x0ac812d1, L:/127.0.0.1:53313 - R:localhost/127.0.0.1:38369]
08:09:06.922 [Forwarding clearElement on session d44f85a7bf5b7f83ee44f7a63dfa397a to remote] DEBUG org.asynchttpclient.netty.request.NettyRequestSender - Using pooled Channel '[id: 0x0ac812d1, L:/127.0.0.1:53313 - R:localhost/127.0.0.1:38369]' for 'POST' to 'http://localhost:38369/session/d44f85a7bf5b7f83ee44f7a63dfa397a/element/C5CFAE05561DC208C6B35BDC365D1738_element_2/clear'
08:09:06.922 [Forwarding clearElement on session d44f85a7bf5b7f83ee44f7a63dfa397a to remote] DEBUG org.asynchttpclient.netty.request.NettyRequestSender - Using open Channel [id: 0x0ac812d1, L:/127.0.0.1:53313 - R:localhost/127.0.0.1:38369] for POST '/session/d44f85a7bf5b7f83ee44f7a63dfa397a/element/C5CFAE05561DC208C6B35BDC365D1738_element_2/clear'
08:09:06.974 [AsyncHttpClient-1-2] DEBUG org.asynchttpclient.netty.handler.HttpHandler - 

Request DefaultHttpRequest(decodeResult: success, version: HTTP/1.1)
POST /session/d44f85a7bf5b7f83ee44f7a63dfa397a/element/C5CFAE05561DC208C6B35BDC365D1738_element_2/clear HTTP/1.1
User-Agent: selenium/4.8.1 (java windows)
Content-Length: 56
Content-Type: application/json; charset=utf-8
host: localhost:38369
accept: */*

Response DefaultHttpResponse(decodeResult: success, version: HTTP/1.1)
HTTP/1.1 200 OK
Content-Length: 14
Content-Type: application/json; charset=utf-8
cache-control: no-cache

08:09:06.975 [AsyncHttpClient-1-2] DEBUG org.asynchttpclient.netty.channel.ChannelManager - Adding key: http://localhost:38369 for channel [id: 0x0ac812d1, L:/127.0.0.1:53313 - R:localhost/127.0.0.1:38369]
08:09:06.987 [Forwarding sendKeysToElement on session d44f85a7bf5b7f83ee44f7a63dfa397a to remote] DEBUG org.asynchttpclient.netty.request.NettyRequestSender - Using pooled Channel '[id: 0x0ac812d1, L:/127.0.0.1:53313 - R:localhost/127.0.0.1:38369]' for 'POST' to 'http://localhost:38369/session/d44f85a7bf5b7f83ee44f7a63dfa397a/element/C5CFAE05561DC208C6B35BDC365D1738_element_2/value'
08:09:06.988 [Forwarding sendKeysToElement on session d44f85a7bf5b7f83ee44f7a63dfa397a to remote] DEBUG org.asynchttpclient.netty.request.NettyRequestSender - Using open Channel [id: 0x0ac812d1, L:/127.0.0.1:53313 - R:localhost/127.0.0.1:38369] for POST '/session/d44f85a7bf5b7f83ee44f7a63dfa397a/element/C5CFAE05561DC208C6B35BDC365D1738_element_2/value'
08:09:07.091 [AsyncHttpClient-1-2] DEBUG org.asynchttpclient.netty.handler.HttpHandler - 

Request DefaultHttpRequest(decodeResult: success, version: HTTP/1.1)
POST /session/d44f85a7bf5b7f83ee44f7a63dfa397a/element/C5CFAE05561DC208C6B35BDC365D1738_element_2/value HTTP/1.1
User-Agent: selenium/4.8.1 (java windows)
Content-Length: 287
Content-Type: application/json; charset=utf-8
host: localhost:38369
accept: */*

Response DefaultHttpResponse(decodeResult: success, version: HTTP/1.1)
HTTP/1.1 200 OK
Content-Length: 14
Content-Type: application/json; charset=utf-8
cache-control: no-cache

08:09:07.091 [AsyncHttpClient-1-2] DEBUG org.asynchttpclient.netty.channel.ChannelManager - Adding key: http://localhost:38369 for channel [id: 0x0ac812d1, L:/127.0.0.1:53313 - R:localhost/127.0.0.1:38369]
08:09:07.105 [main] DEBUG net.thucydides.core.steps.StepInterceptor - STEP DONE: {0} enters #theTextAsAString into #target
08:09:07.106 [main] DEBUG net.thucydides.core.steps.StepInterceptor - STEP DONE: !#title
  &amp#27;[32mWhen &amp#27;[0m&amp#27;[32m&amp#27;[0m&amp#27;[32m&amp#27;[1muser&amp#27;[0m&amp#27;[32m input email and password&amp#27;[0m       &amp#27;[90m# DbsIndonesia.StepDeffinition.LoginStepdefs.userInputEmailAndPassword(net.serenitybdd.screenplay.Actor)&amp#27;[0m
08:09:07.123 [main] DEBUG net.thucydides.core.steps.StepInterceptor - STARTING STEP: LoginStepdefs.userClickButtonLogin - !#title
08:09:07.137 [main] DEBUG net.thucydides.core.steps.StepInterceptor - STARTING STEP: LoginStepdefs.userClickButtonLogin - {0} clicks on #target
08:09:07.138 [main] DEBUG net.serenitybdd.screenplay.targets.IFrameSwitcher - default content already selected for login button
08:09:07.140 [Forwarding findElement on session d44f85a7bf5b7f83ee44f7a63dfa397a to remote] DEBUG org.asynchttpclient.netty.request.NettyRequestSender - Using pooled Channel '[id: 0x0ac812d1, L:/127.0.0.1:53313 - R:localhost/127.0.0.1:38369]' for 'POST' to 'http://localhost:38369/session/d44f85a7bf5b7f83ee44f7a63dfa397a/element'
08:09:07.140 [Forwarding findElement on session d44f85a7bf5b7f83ee44f7a63dfa397a to remote] DEBUG org.asynchttpclient.netty.request.NettyRequestSender - Using open Channel [id: 0x0ac812d1, L:/127.0.0.1:53313 - R:localhost/127.0.0.1:38369] for POST '/session/d44f85a7bf5b7f83ee44f7a63dfa397a/element'
08:09:07.156 [AsyncHttpClient-1-2] DEBUG org.asynchttpclient.netty.handler.HttpHandler - 

Request DefaultHttpRequest(decodeResult: success, version: HTTP/1.1)
POST /session/d44f85a7bf5b7f83ee44f7a63dfa397a/element HTTP/1.1
User-Agent: selenium/4.8.1 (java windows)
Content-Length: 71
Content-Type: application/json; charset=utf-8
host: localhost:38369
accept: */*

Response DefaultHttpResponse(decodeResult: success, version: HTTP/1.1)
HTTP/1.1 200 OK
Content-Length: 94
Content-Type: application/json; charset=utf-8
cache-control: no-cache

08:09:07.156 [AsyncHttpClient-1-2] DEBUG org.asynchttpclient.netty.channel.ChannelManager - Adding key: http://localhost:38369 for channel [id: 0x0ac812d1, L:/127.0.0.1:53313 - R:localhost/127.0.0.1:38369]
08:09:07.172 [Forwarding isElementDisplayed on session d44f85a7bf5b7f83ee44f7a63dfa397a to remote] DEBUG org.asynchttpclient.netty.request.NettyRequestSender - Using pooled Channel '[id: 0x0ac812d1, L:/127.0.0.1:53313 - R:localhost/127.0.0.1:38369]' for 'POST' to 'http://localhost:38369/session/d44f85a7bf5b7f83ee44f7a63dfa397a/execute/sync'
08:09:07.172 [Forwarding isElementDisplayed on session d44f85a7bf5b7f83ee44f7a63dfa397a to remote] DEBUG org.asynchttpclient.netty.request.NettyRequestSender - Using open Channel [id: 0x0ac812d1, L:/127.0.0.1:53313 - R:localhost/127.0.0.1:38369] for POST '/session/d44f85a7bf5b7f83ee44f7a63dfa397a/execute/sync'
08:09:07.208 [AsyncHttpClient-1-2] DEBUG org.asynchttpclient.netty.handler.HttpHandler - 

Request DefaultHttpRequest(decodeResult: success, version: HTTP/1.1)
POST /session/d44f85a7bf5b7f83ee44f7a63dfa397a/execute/sync HTTP/1.1
User-Agent: selenium/4.8.1 (java windows)
Content-Length: 48813
Content-Type: application/json; charset=utf-8
host: localhost:38369
accept: */*

Response DefaultHttpResponse(decodeResult: success, version: HTTP/1.1)
HTTP/1.1 200 OK
Content-Length: 14
Content-Type: application/json; charset=utf-8
cache-control: no-cache

08:09:07.208 [AsyncHttpClient-1-2] DEBUG org.asynchttpclient.netty.channel.ChannelManager - Adding key: http://localhost:38369 for channel [id: 0x0ac812d1, L:/127.0.0.1:53313 - R:localhost/127.0.0.1:38369]
08:09:07.208 [Forwarding findElement on session d44f85a7bf5b7f83ee44f7a63dfa397a to remote] DEBUG org.asynchttpclient.netty.request.NettyRequestSender - Using pooled Channel '[id: 0x0ac812d1, L:/127.0.0.1:53313 - R:localhost/127.0.0.1:38369]' for 'POST' to 'http://localhost:38369/session/d44f85a7bf5b7f83ee44f7a63dfa397a/element'
08:09:07.208 [Forwarding findElement on session d44f85a7bf5b7f83ee44f7a63dfa397a to remote] DEBUG org.asynchttpclient.netty.request.NettyRequestSender - Using open Channel [id: 0x0ac812d1, L:/127.0.0.1:53313 - R:localhost/127.0.0.1:38369] for POST '/session/d44f85a7bf5b7f83ee44f7a63dfa397a/element'
08:09:07.230 [AsyncHttpClient-1-2] DEBUG org.asynchttpclient.netty.handler.HttpHandler - 

Request DefaultHttpRequest(decodeResult: success, version: HTTP/1.1)
POST /session/d44f85a7bf5b7f83ee44f7a63dfa397a/element HTTP/1.1
User-Agent: selenium/4.8.1 (java windows)
Content-Length: 71
Content-Type: application/json; charset=utf-8
host: localhost:38369
accept: */*

Response DefaultHttpResponse(decodeResult: success, version: HTTP/1.1)
HTTP/1.1 200 OK
Content-Length: 94
Content-Type: application/json; charset=utf-8
cache-control: no-cache

08:09:07.230 [AsyncHttpClient-1-2] DEBUG org.asynchttpclient.netty.channel.ChannelManager - Adding key: http://localhost:38369 for channel [id: 0x0ac812d1, L:/127.0.0.1:53313 - R:localhost/127.0.0.1:38369]
08:09:07.232 [Forwarding clickElement on session d44f85a7bf5b7f83ee44f7a63dfa397a to remote] DEBUG org.asynchttpclient.netty.request.NettyRequestSender - Using pooled Channel '[id: 0x0ac812d1, L:/127.0.0.1:53313 - R:localhost/127.0.0.1:38369]' for 'POST' to 'http://localhost:38369/session/d44f85a7bf5b7f83ee44f7a63dfa397a/element/C5CFAE05561DC208C6B35BDC365D1738_element_8/click'
08:09:07.232 [Forwarding clickElement on session d44f85a7bf5b7f83ee44f7a63dfa397a to remote] DEBUG org.asynchttpclient.netty.request.NettyRequestSender - Using open Channel [id: 0x0ac812d1, L:/127.0.0.1:53313 - R:localhost/127.0.0.1:38369] for POST '/session/d44f85a7bf5b7f83ee44f7a63dfa397a/element/C5CFAE05561DC208C6B35BDC365D1738_element_8/click'
08:09:07.746 [AsyncHttpClient-1-1] DEBUG org.asynchttpclient.netty.channel.DefaultChannelPool - Entry count for : http://localhost:53314 : 1
08:09:08.136 [AsyncHttpClient-1-2] DEBUG org.asynchttpclient.netty.handler.HttpHandler - 

Request DefaultHttpRequest(decodeResult: success, version: HTTP/1.1)
POST /session/d44f85a7bf5b7f83ee44f7a63dfa397a/element/C5CFAE05561DC208C6B35BDC365D1738_element_8/click HTTP/1.1
User-Agent: selenium/4.8.1 (java windows)
Content-Length: 56
Content-Type: application/json; charset=utf-8
host: localhost:38369
accept: */*

Response DefaultHttpResponse(decodeResult: success, version: HTTP/1.1)
HTTP/1.1 200 OK
Content-Length: 14
Content-Type: application/json; charset=utf-8
cache-control: no-cache

08:09:08.137 [AsyncHttpClient-1-2] DEBUG org.asynchttpclient.netty.channel.ChannelManager - Adding key: http://localhost:38369 for channel [id: 0x0ac812d1, L:/127.0.0.1:53313 - R:localhost/127.0.0.1:38369]
08:09:08.141 [main] DEBUG net.thucydides.core.steps.StepInterceptor - STEP DONE: {0} clicks on #target
08:09:08.148 [main] DEBUG net.thucydides.core.steps.StepInterceptor - STEP DONE: !#title
  &amp#27;[32mAnd &amp#27;[0m&amp#27;[32m&amp#27;[0m&amp#27;[32m&amp#27;[1muser&amp#27;[0m&amp#27;[32m click button login&amp#27;[0m              &amp#27;[90m# DbsIndonesia.StepDeffinition.LoginStepdefs.userClickButtonLogin(net.serenitybdd.screenplay.Actor)&amp#27;[0m
08:09:08.198 [main] DEBUG net.thucydides.core.steps.StepInterceptor - STARTING STEP: LoginStepdefs.userCanViewsSuccessNotification - !#title
08:09:08.220 [main] DEBUG net.thucydides.core.steps.StepInterceptor - STARTING STEP: LoginStepdefs.userCanViewsSuccessNotification - {0} should see #description
08:09:08.220 [main] DEBUG net.serenitybdd.screenplay.targets.IFrameSwitcher - default content already selected for success message
08:09:08.236 [Forwarding findElements on session d44f85a7bf5b7f83ee44f7a63dfa397a to remote] DEBUG org.asynchttpclient.netty.request.NettyRequestSender - Using pooled Channel '[id: 0x0ac812d1, L:/127.0.0.1:53313 - R:localhost/127.0.0.1:38369]' for 'POST' to 'http://localhost:38369/session/d44f85a7bf5b7f83ee44f7a63dfa397a/elements'
08:09:08.236 [Forwarding findElements on session d44f85a7bf5b7f83ee44f7a63dfa397a to remote] DEBUG org.asynchttpclient.netty.request.NettyRequestSender - Using open Channel [id: 0x0ac812d1, L:/127.0.0.1:53313 - R:localhost/127.0.0.1:38369] for POST '/session/d44f85a7bf5b7f83ee44f7a63dfa397a/elements'
08:09:08.251 [AsyncHttpClient-1-2] DEBUG org.asynchttpclient.netty.handler.HttpHandler - 

Request DefaultHttpRequest(decodeResult: success, version: HTTP/1.1)
POST /session/d44f85a7bf5b7f83ee44f7a63dfa397a/elements HTTP/1.1
User-Agent: selenium/4.8.1 (java windows)
Content-Length: 76
Content-Type: application/json; charset=utf-8
host: localhost:38369
accept: */*

Response DefaultHttpResponse(decodeResult: success, version: HTTP/1.1)
HTTP/1.1 200 OK
Content-Length: 97
Content-Type: application/json; charset=utf-8
cache-control: no-cache

08:09:08.251 [AsyncHttpClient-1-2] DEBUG org.asynchttpclient.netty.channel.ChannelManager - Adding key: http://localhost:38369 for channel [id: 0x0ac812d1, L:/127.0.0.1:53313 - R:localhost/127.0.0.1:38369]
08:09:08.270 [Forwarding isElementDisplayed on session d44f85a7bf5b7f83ee44f7a63dfa397a to remote] DEBUG org.asynchttpclient.netty.request.NettyRequestSender - Using pooled Channel '[id: 0x0ac812d1, L:/127.0.0.1:53313 - R:localhost/127.0.0.1:38369]' for 'POST' to 'http://localhost:38369/session/d44f85a7bf5b7f83ee44f7a63dfa397a/execute/sync'
08:09:08.270 [Forwarding isElementDisplayed on session d44f85a7bf5b7f83ee44f7a63dfa397a to remote] DEBUG org.asynchttpclient.netty.request.NettyRequestSender - Using open Channel [id: 0x0ac812d1, L:/127.0.0.1:53313 - R:localhost/127.0.0.1:38369] for POST '/session/d44f85a7bf5b7f83ee44f7a63dfa397a/execute/sync'
08:09:08.299 [AsyncHttpClient-1-2] DEBUG org.asynchttpclient.netty.handler.HttpHandler - 

Request DefaultHttpRequest(decodeResult: success, version: HTTP/1.1)
POST /session/d44f85a7bf5b7f83ee44f7a63dfa397a/execute/sync HTTP/1.1
User-Agent: selenium/4.8.1 (java windows)
Content-Length: 48814
Content-Type: application/json; charset=utf-8
host: localhost:38369
accept: */*

Response DefaultHttpResponse(decodeResult: success, version: HTTP/1.1)
HTTP/1.1 200 OK
Content-Length: 14
Content-Type: application/json; charset=utf-8
cache-control: no-cache

08:09:08.315 [AsyncHttpClient-1-2] DEBUG org.asynchttpclient.netty.channel.ChannelManager - Adding key: http://localhost:38369 for channel [id: 0x0ac812d1, L:/127.0.0.1:53313 - R:localhost/127.0.0.1:38369]
08:09:08.315 [main] DEBUG net.thucydides.core.steps.StepInterceptor - STEP DONE: {0} should see #description
08:09:08.315 [main] DEBUG net.thucydides.core.steps.StepInterceptor - STEP DONE: !#title
  &amp#27;[32mThen &amp#27;[0m&amp#27;[32m&amp#27;[0m&amp#27;[32m&amp#27;[1muser&amp#27;[0m&amp#27;[32m can views success notification&amp#27;[0m &amp#27;[90m# DbsIndonesia.StepDeffinition.LoginStepdefs.userCanViewsSuccessNotification(net.serenitybdd.screenplay.Actor)&amp#27;[0m
08:09:08.330 [main] DEBUG net.thucydides.core.steps.StepInterceptor - STARTING STEP: LoginStepdefs.userDirectToSecureAreaPage - !#title
08:09:08.346 [main] DEBUG net.thucydides.core.steps.StepInterceptor - STARTING STEP: LoginStepdefs.userDirectToSecureAreaPage - {0} should see #description
08:09:08.346 [main] DEBUG net.serenitybdd.screenplay.targets.IFrameSwitcher - default content already selected for secure area view
08:09:08.346 [Forwarding findElements on session d44f85a7bf5b7f83ee44f7a63dfa397a to remote] DEBUG org.asynchttpclient.netty.request.NettyRequestSender - Using pooled Channel '[id: 0x0ac812d1, L:/127.0.0.1:53313 - R:localhost/127.0.0.1:38369]' for 'POST' to 'http://localhost:38369/session/d44f85a7bf5b7f83ee44f7a63dfa397a/elements'
08:09:08.346 [Forwarding findElements on session d44f85a7bf5b7f83ee44f7a63dfa397a to remote] DEBUG org.asynchttpclient.netty.request.NettyRequestSender - Using open Channel [id: 0x0ac812d1, L:/127.0.0.1:53313 - R:localhost/127.0.0.1:38369] for POST '/session/d44f85a7bf5b7f83ee44f7a63dfa397a/elements'
08:09:08.370 [AsyncHttpClient-1-2] DEBUG org.asynchttpclient.netty.handler.HttpHandler - 

Request DefaultHttpRequest(decodeResult: success, version: HTTP/1.1)
POST /session/d44f85a7bf5b7f83ee44f7a63dfa397a/elements HTTP/1.1
User-Agent: selenium/4.8.1 (java windows)
Content-Length: 71
Content-Type: application/json; charset=utf-8
host: localhost:38369
accept: */*

Response DefaultHttpResponse(decodeResult: success, version: HTTP/1.1)
HTTP/1.1 200 OK
Content-Length: 97
Content-Type: application/json; charset=utf-8
cache-control: no-cache

08:09:08.370 [AsyncHttpClient-1-2] DEBUG org.asynchttpclient.netty.channel.ChannelManager - Adding key: http://localhost:38369 for channel [id: 0x0ac812d1, L:/127.0.0.1:53313 - R:localhost/127.0.0.1:38369]
08:09:08.377 [Forwarding isElementDisplayed on session d44f85a7bf5b7f83ee44f7a63dfa397a to remote] DEBUG org.asynchttpclient.netty.request.NettyRequestSender - Using pooled Channel '[id: 0x0ac812d1, L:/127.0.0.1:53313 - R:localhost/127.0.0.1:38369]' for 'POST' to 'http://localhost:38369/session/d44f85a7bf5b7f83ee44f7a63dfa397a/execute/sync'
08:09:08.377 [Forwarding isElementDisplayed on session d44f85a7bf5b7f83ee44f7a63dfa397a to remote] DEBUG org.asynchttpclient.netty.request.NettyRequestSender - Using open Channel [id: 0x0ac812d1, L:/127.0.0.1:53313 - R:localhost/127.0.0.1:38369] for POST '/session/d44f85a7bf5b7f83ee44f7a63dfa397a/execute/sync'
08:09:08.406 [AsyncHttpClient-1-2] DEBUG org.asynchttpclient.netty.handler.HttpHandler - 

Request DefaultHttpRequest(decodeResult: success, version: HTTP/1.1)
POST /session/d44f85a7bf5b7f83ee44f7a63dfa397a/execute/sync HTTP/1.1
User-Agent: selenium/4.8.1 (java windows)
Content-Length: 48814
Content-Type: application/json; charset=utf-8
host: localhost:38369
accept: */*

Response DefaultHttpResponse(decodeResult: success, version: HTTP/1.1)
HTTP/1.1 200 OK
Content-Length: 14
Content-Type: application/json; charset=utf-8
cache-control: no-cache

08:09:08.406 [AsyncHttpClient-1-2] DEBUG org.asynchttpclient.netty.channel.ChannelManager - Adding key: http://localhost:38369 for channel [id: 0x0ac812d1, L:/127.0.0.1:53313 - R:localhost/127.0.0.1:38369]
08:09:08.409 [main] DEBUG net.thucydides.core.steps.StepInterceptor - STEP DONE: {0} should see #description
08:09:08.413 [main] DEBUG net.thucydides.core.steps.StepInterceptor - STEP DONE: !#title
  &amp#27;[32mAnd &amp#27;[0m&amp#27;[32m&amp#27;[0m&amp#27;[32m&amp#27;[1muser&amp#27;[0m&amp#27;[32m direct to secure area page&amp#27;[0m      &amp#27;[90m# DbsIndonesia.StepDeffinition.LoginStepdefs.userDirectToSecureAreaPage(net.serenitybdd.screenplay.Actor)&amp#27;[0m
08:09:08.422 [main] INFO  - 
  _____   ___   ___   _____     ___     _     ___   ___   ___   ___  
 |_   _| | __| / __| |_   _|   | _ \   /_\   / __| / __| | __| |   \ 
   | |   | _|  \__ \   | |     |  _/  / _ \  \__ \ \__ \ | _|  | |) |
   |_|   |___| |___/   |_|     |_|   /_/ \_\ |___/ |___/ |___| |___/ 

User has success to login DBS
----------------------------------------------------------------------
08:09:08.524 [Driver Command Executor] DEBUG org.asynchttpclient.netty.request.NettyRequestSender - Using pooled Channel '[id: 0x0ac812d1, L:/127.0.0.1:53313 - R:localhost/127.0.0.1:38369]' for 'DELETE' to 'http://localhost:38369/session/d44f85a7bf5b7f83ee44f7a63dfa397a'
08:09:08.524 [Driver Command Executor] DEBUG org.asynchttpclient.netty.request.NettyRequestSender - Using open Channel [id: 0x0ac812d1, L:/127.0.0.1:53313 - R:localhost/127.0.0.1:38369] for DELETE '/session/d44f85a7bf5b7f83ee44f7a63dfa397a'
08:09:08.569 [AsyncHttpClient-1-3] DEBUG org.asynchttpclient.netty.handler.HttpHandler - Unexpected I/O exception on channel [id: 0x5d1a6f57, L:/127.0.0.1:53321 - R:localhost/127.0.0.1:53314]
java.io.IOException: An existing connection was forcibly closed by the remote host
	at sun.nio.ch.SocketDispatcher.read0(Native Method)
	at sun.nio.ch.SocketDispatcher.read(SocketDispatcher.java:43)
	at sun.nio.ch.IOUtil.readIntoNativeBuffer(IOUtil.java:223)
	at sun.nio.ch.IOUtil.read(IOUtil.java:192)
	at sun.nio.ch.SocketChannelImpl.read(SocketChannelImpl.java:378)
	at io.netty.buffer.PooledByteBuf.setBytes(PooledByteBuf.java:259)
	at io.netty.buffer.AbstractByteBuf.writeBytes(AbstractByteBuf.java:1132)
	at io.netty.channel.socket.nio.NioSocketChannel.doReadBytes(NioSocketChannel.java:357)
	at io.netty.channel.nio.AbstractNioByteChannel$NioByteUnsafe.read(AbstractNioByteChannel.java:151)
	at io.netty.channel.nio.NioEventLoop.processSelectedKey(NioEventLoop.java:788)
	at io.netty.channel.nio.NioEventLoop.processSelectedKeysOptimized(NioEventLoop.java:724)
	at io.netty.channel.nio.NioEventLoop.processSelectedKeys(NioEventLoop.java:650)
	at io.netty.channel.nio.NioEventLoop.run(NioEventLoop.java:562)
	at io.netty.util.concurrent.SingleThreadEventExecutor$4.run(SingleThreadEventExecutor.java:997)
	at io.netty.util.internal.ThreadExecutorMap$2.run(ThreadExecutorMap.java:74)
	at io.netty.util.concurrent.FastThreadLocalRunnable.run(FastThreadLocalRunnable.java:30)
	at java.lang.Thread.run(Thread.java:750)
08:09:08.569 [AsyncHttpClient-1-4] DEBUG org.asynchttpclient.netty.handler.WebSocketHandler - Unexpected I/O exception on channel [id: 0x6ea7fc59, L:/127.0.0.1:53323 - R:localhost/127.0.0.1:53314]
java.io.IOException: An existing connection was forcibly closed by the remote host
	at sun.nio.ch.SocketDispatcher.read0(Native Method)
	at sun.nio.ch.SocketDispatcher.read(SocketDispatcher.java:43)
	at sun.nio.ch.IOUtil.readIntoNativeBuffer(IOUtil.java:223)
	at sun.nio.ch.IOUtil.read(IOUtil.java:192)
	at sun.nio.ch.SocketChannelImpl.read(SocketChannelImpl.java:378)
	at io.netty.buffer.PooledByteBuf.setBytes(PooledByteBuf.java:259)
	at io.netty.buffer.AbstractByteBuf.writeBytes(AbstractByteBuf.java:1132)
	at io.netty.channel.socket.nio.NioSocketChannel.doReadBytes(NioSocketChannel.java:357)
	at io.netty.channel.nio.AbstractNioByteChannel$NioByteUnsafe.read(AbstractNioByteChannel.java:151)
	at io.netty.channel.nio.NioEventLoop.processSelectedKey(NioEventLoop.java:788)
	at io.netty.channel.nio.NioEventLoop.processSelectedKeysOptimized(NioEventLoop.java:724)
	at io.netty.channel.nio.NioEventLoop.processSelectedKeys(NioEventLoop.java:650)
	at io.netty.channel.nio.NioEventLoop.run(NioEventLoop.java:562)
	at io.netty.util.concurrent.SingleThreadEventExecutor$4.run(SingleThreadEventExecutor.java:997)
	at io.netty.util.internal.ThreadExecutorMap$2.run(ThreadExecutorMap.java:74)
	at io.netty.util.concurrent.FastThreadLocalRunnable.run(FastThreadLocalRunnable.java:30)
	at java.lang.Thread.run(Thread.java:750)
08:09:08.571 [AsyncHttpClient-1-3] DEBUG org.asynchttpclient.netty.channel.ChannelManager - Closing Channel [id: 0x5d1a6f57, L:/127.0.0.1:53321 - R:localhost/127.0.0.1:53314] 
08:09:08.574 [AsyncHttpClient-1-4] DEBUG org.asynchttpclient.netty.handler.WebSocketHandler - Trying to recover from dead Channel: [id: 0x6ea7fc59, L:/127.0.0.1:53323 - R:localhost/127.0.0.1:53314]
08:09:08.574 [AsyncHttpClient-1-4] DEBUG org.asynchttpclient.netty.handler.WebSocketHandler - Channel Closed: [id: 0x6ea7fc59, L:/127.0.0.1:53323 ! R:localhost/127.0.0.1:53314] with attribute NettyResponseFuture{currentRetry=0,
	isDone=1,
	isCancelled=0,
	asyncHandler=org.asynchttpclient.ws.WebSocketUpgradeHandler@1f9cdf5,
	nettyRequest=org.asynchttpclient.netty.request.NettyRequest@10a522e,
	future=java.util.concurrent.CompletableFuture@a35a82[Completed normally],
	uri=ws://localhost:53314/devtools/browser/99780156-7114-4f4d-894a-1cd1eebeae4c,
	keepAlive=true,
	redirectCount=0,
	timeoutsHolder=null,
	inAuth=0,
	touch=1686100148571}
08:09:08.574 [AsyncHttpClient-1-4] DEBUG org.asynchttpclient.netty.channel.ChannelManager - Closing Channel [id: 0x6ea7fc59, L:/127.0.0.1:53323 ! R:localhost/127.0.0.1:53314] 
08:09:08.575 [AsyncHttpClient-1-3] DEBUG org.asynchttpclient.netty.handler.HttpHandler - Channel Closed: [id: 0x5d1a6f57, L:/127.0.0.1:53321 ! R:localhost/127.0.0.1:53314] with attribute DISCARD
08:09:08.600 [AsyncHttpClient-1-2] DEBUG org.asynchttpclient.netty.handler.HttpHandler - 

Request DefaultFullHttpRequest(decodeResult: success, version: HTTP/1.1, content: EmptyByteBufBE)
DELETE /session/d44f85a7bf5b7f83ee44f7a63dfa397a HTTP/1.1
User-Agent: selenium/4.8.1 (java windows)
Content-Type: application/json; charset=utf-8
host: localhost:38369
accept: */*

Response DefaultHttpResponse(decodeResult: success, version: HTTP/1.1)
HTTP/1.1 200 OK
Content-Length: 14
Content-Type: application/json; charset=utf-8
cache-control: no-cache

08:09:08.600 [AsyncHttpClient-1-2] DEBUG org.asynchttpclient.netty.channel.ChannelManager - Adding key: http://localhost:38369 for channel [id: 0x0ac812d1, L:/127.0.0.1:53313 - R:localhost/127.0.0.1:38369]
08:09:08.676 [AsyncHttpClient-1-2] DEBUG org.asynchttpclient.netty.handler.HttpHandler - Channel Closed: [id: 0x0ac812d1, L:/127.0.0.1:53313 ! R:localhost/127.0.0.1:38369] with attribute DISCARD
08:09:08.840 [AsyncHttpClient-1-1] DEBUG org.asynchttpclient.netty.channel.DefaultChannelPool - Entry count for : http://localhost:53314 : 1
08:09:08.840 [AsyncHttpClient-1-1] DEBUG org.asynchttpclient.netty.channel.DefaultChannelPool - Entry count for : http://localhost:38369 : 1
08:09:08.840 [AsyncHttpClient-1-1] DEBUG org.asynchttpclient.netty.channel.DefaultChannelPool - Adding Candidate expired Channel [id: 0x5d1a6f57, L:/127.0.0.1:53321 ! R:localhost/127.0.0.1:53314] isIdleTimeoutExpired=false isRemotelyClosed=true isTtlExpired=false
08:09:08.840 [AsyncHttpClient-1-1] DEBUG org.asynchttpclient.netty.channel.DefaultChannelPool - Closing Idle Channel [id: 0x5d1a6f57, L:/127.0.0.1:53321 ! R:localhost/127.0.0.1:53314]
08:09:08.840 [AsyncHttpClient-1-1] DEBUG org.asynchttpclient.netty.channel.DefaultChannelPool - Adding Candidate expired Channel [id: 0x0ac812d1, L:/127.0.0.1:53313 ! R:localhost/127.0.0.1:38369] isIdleTimeoutExpired=false isRemotelyClosed=true isTtlExpired=false
08:09:08.840 [AsyncHttpClient-1-1] DEBUG org.asynchttpclient.netty.channel.DefaultChannelPool - Closing Idle Channel [id: 0x0ac812d1, L:/127.0.0.1:53313 ! R:localhost/127.0.0.1:38369]
08:09:08.840 [AsyncHttpClient-1-1] DEBUG org.asynchttpclient.netty.channel.DefaultChannelPool - Closed 2 connections out of 2 in 0 ms
]]></system-out>
    <system-err><![CDATA[Starting ChromeDriver 114.0.5735.90 (386bc09e8f4f2e025eddae123f36f6263096ae49-refs/branch-heads/5735@{#1052}) on port 38369
Only local connections are allowed.
Please see https://chromedriver.chromium.org/security-considerations for suggestions on keeping ChromeDriver safe.
ChromeDriver was started successfully.
Jun 07, 2023 8:09:01 AM org.openqa.selenium.devtools.CdpVersionFinder findNearestMatch
WARNING: Unable to find an exact match for CDP version 114, so returning the closest version found: 110
]]></system-err>
  </testcase>
  <testcase name="User has failed to login DBS" classname="DBS  - login" time="7.65">
    <system-out><![CDATA[
@Login_Unsuccessfully
Scenario: User has failed to login DBS     &amp#27;[90m# src/test/resources/Features/LoginDbs/Login.feature:15&amp#27;[0m
08:09:09.218 [main] DEBUG io.cucumber.core.plugin.SerenityReporter - Running feature from file:///D:/AUTOMATION%20TEST/DBS-Indonesia-Test/src/test/resources/Features/LoginDbs/Login.feature
08:09:09.218 [main] WARN io.cucumber.core.plugin.SerenityReporter - Feature from file:///D:/AUTOMATION%20TEST/DBS-Indonesia-Test/src/test/resources/Features/LoginDbs/Login.feature is not under the 'features' directory. Requirements report will not be correctly generated!
08:09:09.218 [main] INFO  - 
  _____   ___   ___   _____     ___   _____     _     ___   _____   ___   ___  
 |_   _| | __| / __| |_   _|   / __| |_   _|   /_\   | _ \ |_   _| | __| |   \ 
   | |   | _|  \__ \   | |     \__ \   | |    / _ \  |   /   | |   | _|  | |) |
   |_|   |___| |___/   |_|     |___/   |_|   /_/ \_\ |_|_\   |_|   |___| |___/ 

User has failed to login DBS(dbs----login;user-has-failed-to-login-dbs)
--------------------------------------------------------------------------------
08:09:09.249 [main] DEBUG net.thucydides.core.steps.StepInterceptor - STARTING STEP: LoginStepdefs.userOpenDBSLoginPage - !#title
08:09:09.249 [main] DEBUG net.thucydides.core.steps.StepInterceptor - STARTING STEP: LoginStepdefs.userOpenDBSLoginPage - {0} opens the #targetPageName
08:09:09.328 [main] INFO net.serenitybdd.core.webdriver.driverproviders.ChromeDriverProvider - Starting Chrome driver instance with capabilities:
08:09:09.328 [main] INFO net.serenitybdd.core.webdriver.driverproviders.ChromeDriverProvider - Capabilities {acceptInsecureCerts: false, browserName: chrome, goog:chromeOptions: {args: [remote-allow-origins=*, --start-maximized], extensions: []}}
08:09:09.951 [AsyncHttpClient-1-5] DEBUG org.asynchttpclient.netty.channel.NettyConnectListener - Using new Channel '[id: 0xdfd8af75, L:/127.0.0.1:53348 - R:localhost/127.0.0.1:3853]' for 'POST' to '/session'
08:09:10.665 [AsyncHttpClient-1-5] DEBUG org.asynchttpclient.netty.handler.HttpHandler - 

Request DefaultHttpRequest(decodeResult: success, version: HTTP/1.1)
POST /session HTTP/1.1
User-Agent: selenium/4.8.1 (java windows)
Content-Length: 569
Content-Type: application/json; charset=utf-8
host: localhost:3853
accept: */*

Response DefaultHttpResponse(decodeResult: success, version: HTTP/1.1)
HTTP/1.1 200 OK
Content-Length: 860
Content-Type: application/json; charset=utf-8
cache-control: no-cache

08:09:10.665 [AsyncHttpClient-1-5] DEBUG org.asynchttpclient.netty.channel.ChannelManager - Adding key: http://localhost:3853 for channel [id: 0xdfd8af75, L:/127.0.0.1:53348 - R:localhost/127.0.0.1:3853]
08:09:10.674 [AsyncHttpClient-1-6] DEBUG org.asynchttpclient.netty.channel.NettyConnectListener - Using new Channel '[id: 0xeba5ac71, L:/127.0.0.1:53355 - R:localhost/127.0.0.1:53349]' for 'GET' to '/json/version'
08:09:10.676 [AsyncHttpClient-1-6] DEBUG org.asynchttpclient.netty.handler.HttpHandler - 

Request DefaultFullHttpRequest(decodeResult: success, version: HTTP/1.1, content: EmptyByteBufBE)
GET /json/version HTTP/1.1
User-Agent: selenium/4.8.1 (java windows)
host: localhost:53349
accept: */*

Response DefaultHttpResponse(decodeResult: success, version: HTTP/1.1)
HTTP/1.1 200 OK
Content-Security-Policy: frame-ancestors 'none'
Content-Length: 424
Content-Type: application/json; charset=UTF-8

08:09:10.676 [AsyncHttpClient-1-6] DEBUG org.asynchttpclient.netty.channel.ChannelManager - Adding key: http://localhost:53349 for channel [id: 0xeba5ac71, L:/127.0.0.1:53355 - R:localhost/127.0.0.1:53349]
08:09:10.680 [AsyncHttpClient-1-7] DEBUG org.asynchttpclient.netty.channel.NettyConnectListener - Using new Channel '[id: 0x8f0603da, L:/127.0.0.1:53356 - R:localhost/127.0.0.1:53349]' for 'GET' to '/devtools/browser/998def6d-8262-46cd-8c18-64d2b206d3d6'
08:09:10.682 [AsyncHttpClient-1-7] DEBUG org.asynchttpclient.netty.handler.WebSocketHandler - 

Request DefaultFullHttpRequest(decodeResult: success, version: HTTP/1.1, content: EmptyByteBufBE)
GET /devtools/browser/998def6d-8262-46cd-8c18-64d2b206d3d6 HTTP/1.1
upgrade: websocket
connection: upgrade
sec-websocket-key: uWB7Jp7T6MoFnpz+xdGmjw==
sec-websocket-version: 13
origin: http://localhost:53349
host: localhost:53349
accept: */*
user-agent: AHC/2.1

Response DefaultHttpResponse(decodeResult: success, version: HTTP/1.1)
HTTP/1.1 101 WebSocket Protocol Handshake
Upgrade: WebSocket
Connection: Upgrade
Sec-WebSocket-Accept: EW3ANqIe7Fo3kziGelhnZBqqt1k=

[...]
08:09:14.939 [Forwarding clearElement on session 660e9d0e17adb0d295890ff5ff523475 to remote] DEBUG org.asynchttpclient.netty.request.NettyRequestSender - Using open Channel [id: 0xdfd8af75, L:/127.0.0.1:53348 - R:localhost/127.0.0.1:3853] for POST '/session/660e9d0e17adb0d295890ff5ff523475/element/9A8E6980A61FFCC8C7563B789D749E79_element_2/clear'
08:09:14.988 [AsyncHttpClient-1-5] DEBUG org.asynchttpclient.netty.handler.HttpHandler - 

Request DefaultHttpRequest(decodeResult: success, version: HTTP/1.1)
POST /session/660e9d0e17adb0d295890ff5ff523475/element/9A8E6980A61FFCC8C7563B789D749E79_element_2/clear HTTP/1.1
User-Agent: selenium/4.8.1 (java windows)
Content-Length: 56
Content-Type: application/json; charset=utf-8
host: localhost:3853
accept: */*

Response DefaultHttpResponse(decodeResult: success, version: HTTP/1.1)
HTTP/1.1 200 OK
Content-Length: 14
Content-Type: application/json; charset=utf-8
cache-control: no-cache

08:09:14.988 [AsyncHttpClient-1-5] DEBUG org.asynchttpclient.netty.channel.ChannelManager - Adding key: http://localhost:3853 for channel [id: 0xdfd8af75, L:/127.0.0.1:53348 - R:localhost/127.0.0.1:3853]
08:09:14.988 [Forwarding sendKeysToElement on session 660e9d0e17adb0d295890ff5ff523475 to remote] DEBUG org.asynchttpclient.netty.request.NettyRequestSender - Using pooled Channel '[id: 0xdfd8af75, L:/127.0.0.1:53348 - R:localhost/127.0.0.1:3853]' for 'POST' to 'http://localhost:3853/session/660e9d0e17adb0d295890ff5ff523475/element/9A8E6980A61FFCC8C7563B789D749E79_element_2/value'
08:09:14.988 [Forwarding sendKeysToElement on session 660e9d0e17adb0d295890ff5ff523475 to remote] DEBUG org.asynchttpclient.netty.request.NettyRequestSender - Using open Channel [id: 0xdfd8af75, L:/127.0.0.1:53348 - R:localhost/127.0.0.1:3853] for POST '/session/660e9d0e17adb0d295890ff5ff523475/element/9A8E6980A61FFCC8C7563B789D749E79_element_2/value'
08:09:15.056 [AsyncHttpClient-1-5] DEBUG org.asynchttpclient.netty.handler.HttpHandler - 

Request DefaultHttpRequest(decodeResult: success, version: HTTP/1.1)
POST /session/660e9d0e17adb0d295890ff5ff523475/element/9A8E6980A61FFCC8C7563B789D749E79_element_2/value HTTP/1.1
User-Agent: selenium/4.8.1 (java windows)
Content-Length: 277
Content-Type: application/json; charset=utf-8
host: localhost:3853
accept: */*

Response DefaultHttpResponse(decodeResult: success, version: HTTP/1.1)
HTTP/1.1 200 OK
Content-Length: 14
Content-Type: application/json; charset=utf-8
cache-control: no-cache

08:09:15.056 [AsyncHttpClient-1-5] DEBUG org.asynchttpclient.netty.channel.ChannelManager - Adding key: http://localhost:3853 for channel [id: 0xdfd8af75, L:/127.0.0.1:53348 - R:localhost/127.0.0.1:3853]
08:09:15.071 [main] DEBUG net.thucydides.core.steps.StepInterceptor - STEP DONE: {0} enters #theTextAsAString into #target
08:09:15.072 [main] DEBUG net.thucydides.core.steps.StepInterceptor - STEP DONE: !#title
  &amp#27;[32mWhen &amp#27;[0m&amp#27;[32m&amp#27;[0m&amp#27;[32m&amp#27;[1muser&amp#27;[0m&amp#27;[32m input email and wrong password&amp#27;[0m &amp#27;[90m# DbsIndonesia.StepDeffinition.LoginStepdefs.userInputEmailAndWrongPassword(net.serenitybdd.screenplay.Actor)&amp#27;[0m
08:09:15.084 [main] DEBUG net.thucydides.core.steps.StepInterceptor - STARTING STEP: LoginStepdefs.userClickButtonLogin - !#title
08:09:15.089 [main] DEBUG net.thucydides.core.steps.StepInterceptor - STARTING STEP: LoginStepdefs.userClickButtonLogin - {0} clicks on #target
08:09:15.089 [main] DEBUG net.serenitybdd.screenplay.targets.IFrameSwitcher - default content already selected for login button
08:09:15.089 [Forwarding findElement on session 660e9d0e17adb0d295890ff5ff523475 to remote] DEBUG org.asynchttpclient.netty.request.NettyRequestSender - Using pooled Channel '[id: 0xdfd8af75, L:/127.0.0.1:53348 - R:localhost/127.0.0.1:3853]' for 'POST' to 'http://localhost:3853/session/660e9d0e17adb0d295890ff5ff523475/element'
08:09:15.089 [Forwarding findElement on session 660e9d0e17adb0d295890ff5ff523475 to remote] DEBUG org.asynchttpclient.netty.request.NettyRequestSender - Using open Channel [id: 0xdfd8af75, L:/127.0.0.1:53348 - R:localhost/127.0.0.1:3853] for POST '/session/660e9d0e17adb0d295890ff5ff523475/element'
08:09:15.110 [AsyncHttpClient-1-5] DEBUG org.asynchttpclient.netty.handler.HttpHandler - 

Request DefaultHttpRequest(decodeResult: success, version: HTTP/1.1)
POST /session/660e9d0e17adb0d295890ff5ff523475/element HTTP/1.1
User-Agent: selenium/4.8.1 (java windows)
Content-Length: 71
Content-Type: application/json; charset=utf-8
host: localhost:3853
accept: */*

Response DefaultHttpResponse(decodeResult: success, version: HTTP/1.1)
HTTP/1.1 200 OK
Content-Length: 94
Content-Type: application/json; charset=utf-8
cache-control: no-cache

08:09:15.110 [AsyncHttpClient-1-5] DEBUG org.asynchttpclient.netty.channel.ChannelManager - Adding key: http://localhost:3853 for channel [id: 0xdfd8af75, L:/127.0.0.1:53348 - R:localhost/127.0.0.1:3853]
08:09:15.110 [Forwarding isElementDisplayed on session 660e9d0e17adb0d295890ff5ff523475 to remote] DEBUG org.asynchttpclient.netty.request.NettyRequestSender - Using pooled Channel '[id: 0xdfd8af75, L:/127.0.0.1:53348 - R:localhost/127.0.0.1:3853]' for 'POST' to 'http://localhost:3853/session/660e9d0e17adb0d295890ff5ff523475/execute/sync'
08:09:15.110 [Forwarding isElementDisplayed on session 660e9d0e17adb0d295890ff5ff523475 to remote] DEBUG org.asynchttpclient.netty.request.NettyRequestSender - Using open Channel [id: 0xdfd8af75, L:/127.0.0.1:53348 - R:localhost/127.0.0.1:3853] for POST '/session/660e9d0e17adb0d295890ff5ff523475/execute/sync'
08:09:15.123 [AsyncHttpClient-1-5] DEBUG org.asynchttpclient.netty.handler.HttpHandler - 

Request DefaultHttpRequest(decodeResult: success, version: HTTP/1.1)
POST /session/660e9d0e17adb0d295890ff5ff523475/execute/sync HTTP/1.1
User-Agent: selenium/4.8.1 (java windows)
Content-Length: 48813
Content-Type: application/json; charset=utf-8
host: localhost:3853
accept: */*

Response DefaultHttpResponse(decodeResult: success, version: HTTP/1.1)
HTTP/1.1 200 OK
Content-Length: 14
Content-Type: application/json; charset=utf-8
cache-control: no-cache

08:09:15.123 [AsyncHttpClient-1-5] DEBUG org.asynchttpclient.netty.channel.ChannelManager - Adding key: http://localhost:3853 for channel [id: 0xdfd8af75, L:/127.0.0.1:53348 - R:localhost/127.0.0.1:3853]
08:09:15.139 [Forwarding findElement on session 660e9d0e17adb0d295890ff5ff523475 to remote] DEBUG org.asynchttpclient.netty.request.NettyRequestSender - Using pooled Channel '[id: 0xdfd8af75, L:/127.0.0.1:53348 - R:localhost/127.0.0.1:3853]' for 'POST' to 'http://localhost:3853/session/660e9d0e17adb0d295890ff5ff523475/element'
08:09:15.139 [Forwarding findElement on session 660e9d0e17adb0d295890ff5ff523475 to remote] DEBUG org.asynchttpclient.netty.request.NettyRequestSender - Using open Channel [id: 0xdfd8af75, L:/127.0.0.1:53348 - R:localhost/127.0.0.1:3853] for POST '/session/660e9d0e17adb0d295890ff5ff523475/element'
08:09:15.153 [AsyncHttpClient-1-5] DEBUG org.asynchttpclient.netty.handler.HttpHandler - 

Request DefaultHttpRequest(decodeResult: success, version: HTTP/1.1)
POST /session/660e9d0e17adb0d295890ff5ff523475/element HTTP/1.1
User-Agent: selenium/4.8.1 (java windows)
Content-Length: 71
Content-Type: application/json; charset=utf-8
host: localhost:3853
accept: */*

Response DefaultHttpResponse(decodeResult: success, version: HTTP/1.1)
HTTP/1.1 200 OK
Content-Length: 94
Content-Type: application/json; charset=utf-8
cache-control: no-cache

08:09:15.154 [AsyncHttpClient-1-5] DEBUG org.asynchttpclient.netty.channel.ChannelManager - Adding key: http://localhost:3853 for channel [id: 0xdfd8af75, L:/127.0.0.1:53348 - R:localhost/127.0.0.1:3853]
08:09:15.156 [Forwarding clickElement on session 660e9d0e17adb0d295890ff5ff523475 to remote] DEBUG org.asynchttpclient.netty.request.NettyRequestSender - Using pooled Channel '[id: 0xdfd8af75, L:/127.0.0.1:53348 - R:localhost/127.0.0.1:3853]' for 'POST' to 'http://localhost:3853/session/660e9d0e17adb0d295890ff5ff523475/element/9A8E6980A61FFCC8C7563B789D749E79_element_8/click'
08:09:15.156 [Forwarding clickElement on session 660e9d0e17adb0d295890ff5ff523475 to remote] DEBUG org.asynchttpclient.netty.request.NettyRequestSender - Using open Channel [id: 0xdfd8af75, L:/127.0.0.1:53348 - R:localhost/127.0.0.1:3853] for POST '/session/660e9d0e17adb0d295890ff5ff523475/element/9A8E6980A61FFCC8C7563B789D749E79_element_8/click'
08:09:15.443 [AsyncHttpClient-1-1] DEBUG org.asynchttpclient.netty.channel.DefaultChannelPool - Entry count for : http://localhost:53349 : 1
08:09:16.032 [AsyncHttpClient-1-5] DEBUG org.asynchttpclient.netty.handler.HttpHandler - 

Request DefaultHttpRequest(decodeResult: success, version: HTTP/1.1)
POST /session/660e9d0e17adb0d295890ff5ff523475/element/9A8E6980A61FFCC8C7563B789D749E79_element_8/click HTTP/1.1
User-Agent: selenium/4.8.1 (java windows)
Content-Length: 56
Content-Type: application/json; charset=utf-8
host: localhost:3853
accept: */*

Response DefaultHttpResponse(decodeResult: success, version: HTTP/1.1)
HTTP/1.1 200 OK
Content-Length: 14
Content-Type: application/json; charset=utf-8
cache-control: no-cache

08:09:16.032 [AsyncHttpClient-1-5] DEBUG org.asynchttpclient.netty.channel.ChannelManager - Adding key: http://localhost:3853 for channel [id: 0xdfd8af75, L:/127.0.0.1:53348 - R:localhost/127.0.0.1:3853]
08:09:16.035 [main] DEBUG net.thucydides.core.steps.StepInterceptor - STEP DONE: {0} clicks on #target
08:09:16.038 [main] DEBUG net.thucydides.core.steps.StepInterceptor - STEP DONE: !#title
  &amp#27;[32mAnd &amp#27;[0m&amp#27;[32m&amp#27;[0m&amp#27;[32m&amp#27;[1muser&amp#27;[0m&amp#27;[32m click button login&amp#27;[0m              &amp#27;[90m# DbsIndonesia.StepDeffinition.LoginStepdefs.userClickButtonLogin(net.serenitybdd.screenplay.Actor)&amp#27;[0m
08:09:16.054 [main] DEBUG net.thucydides.core.steps.StepInterceptor - STARTING STEP: LoginStepdefs.userCanViewsPasswordInvalid - !#title
08:09:16.070 [main] DEBUG net.thucydides.core.steps.StepInterceptor - STARTING STEP: LoginStepdefs.userCanViewsPasswordInvalid - {0} should see #description
08:09:16.071 [main] DEBUG net.serenitybdd.screenplay.targets.IFrameSwitcher - default content already selected for error message
08:09:16.074 [Forwarding findElements on session 660e9d0e17adb0d295890ff5ff523475 to remote] DEBUG org.asynchttpclient.netty.request.NettyRequestSender - Using pooled Channel '[id: 0xdfd8af75, L:/127.0.0.1:53348 - R:localhost/127.0.0.1:3853]' for 'POST' to 'http://localhost:3853/session/660e9d0e17adb0d295890ff5ff523475/elements'
08:09:16.074 [Forwarding findElements on session 660e9d0e17adb0d295890ff5ff523475 to remote] DEBUG org.asynchttpclient.netty.request.NettyRequestSender - Using open Channel [id: 0xdfd8af75, L:/127.0.0.1:53348 - R:localhost/127.0.0.1:3853] for POST '/session/660e9d0e17adb0d295890ff5ff523475/elements'
08:09:16.087 [AsyncHttpClient-1-5] DEBUG org.asynchttpclient.netty.handler.HttpHandler - 

Request DefaultHttpRequest(decodeResult: success, version: HTTP/1.1)
POST /session/660e9d0e17adb0d295890ff5ff523475/elements HTTP/1.1
User-Agent: selenium/4.8.1 (java windows)
Content-Length: 74
Content-Type: application/json; charset=utf-8
host: localhost:3853
accept: */*

Response DefaultHttpResponse(decodeResult: success, version: HTTP/1.1)
HTTP/1.1 200 OK
Content-Length: 97
Content-Type: application/json; charset=utf-8
cache-control: no-cache

08:09:16.087 [AsyncHttpClient-1-5] DEBUG org.asynchttpclient.netty.channel.ChannelManager - Adding key: http://localhost:3853 for channel [id: 0xdfd8af75, L:/127.0.0.1:53348 - R:localhost/127.0.0.1:3853]
08:09:16.087 [Forwarding isElementDisplayed on session 660e9d0e17adb0d295890ff5ff523475 to remote] DEBUG org.asynchttpclient.netty.request.NettyRequestSender - Using pooled Channel '[id: 0xdfd8af75, L:/127.0.0.1:53348 - R:localhost/127.0.0.1:3853]' for 'POST' to 'http://localhost:3853/session/660e9d0e17adb0d295890ff5ff523475/execute/sync'
08:09:16.087 [Forwarding isElementDisplayed on session 660e9d0e17adb0d295890ff5ff523475 to remote] DEBUG org.asynchttpclient.netty.request.NettyRequestSender - Using open Channel [id: 0xdfd8af75, L:/127.0.0.1:53348 - R:localhost/127.0.0.1:3853] for POST '/session/660e9d0e17adb0d295890ff5ff523475/execute/sync'
08:09:16.118 [AsyncHttpClient-1-5] DEBUG org.asynchttpclient.netty.handler.HttpHandler - 

Request DefaultHttpRequest(decodeResult: success, version: HTTP/1.1)
POST /session/660e9d0e17adb0d295890ff5ff523475/execute/sync HTTP/1.1
User-Agent: selenium/4.8.1 (java windows)
Content-Length: 48814
Content-Type: application/json; charset=utf-8
host: localhost:3853
accept: */*

Response DefaultHttpResponse(decodeResult: success, version: HTTP/1.1)
HTTP/1.1 200 OK
Content-Length: 14
Content-Type: application/json; charset=utf-8
cache-control: no-cache

08:09:16.118 [AsyncHttpClient-1-5] DEBUG org.asynchttpclient.netty.channel.ChannelManager - Adding key: http://localhost:3853 for channel [id: 0xdfd8af75, L:/127.0.0.1:53348 - R:localhost/127.0.0.1:3853]
08:09:16.118 [main] DEBUG net.thucydides.core.steps.StepInterceptor - STEP DONE: {0} should see #description
08:09:16.118 [main] DEBUG net.thucydides.core.steps.StepInterceptor - STEP DONE: !#title
  &amp#27;[32mThen &amp#27;[0m&amp#27;[32m&amp#27;[0m&amp#27;[32m&amp#27;[1muser&amp#27;[0m&amp#27;[32m can views password invalid&amp#27;[0m     &amp#27;[90m# DbsIndonesia.StepDeffinition.LoginStepdefs.userCanViewsPasswordInvalid(net.serenitybdd.screenplay.Actor)&amp#27;[0m
08:09:16.134 [main] INFO  - 
  _____   ___   ___   _____     ___     _     ___   ___   ___   ___  
 |_   _| | __| / __| |_   _|   | _ \   /_\   / __| / __| | __| |   \ 
   | |   | _|  \__ \   | |     |  _/  / _ \  \__ \ \__ \ | _|  | |) |
   |_|   |___| |___/   |_|     |_|   /_/ \_\ |___/ |___/ |___| |___/ 

User has failed to login DBS
----------------------------------------------------------------------
08:09:16.134 [Driver Command Executor] DEBUG org.asynchttpclient.netty.request.NettyRequestSender - Using pooled Channel '[id: 0xdfd8af75, L:/127.0.0.1:53348 - R:localhost/127.0.0.1:3853]' for 'DELETE' to 'http://localhost:3853/session/660e9d0e17adb0d295890ff5ff523475'
08:09:16.134 [AsyncHttpClient-1-7] DEBUG org.asynchttpclient.netty.handler.WebSocketHandler - Channel Closed: [id: 0x8f0603da, L:/127.0.0.1:53356 ! R:localhost/127.0.0.1:53349] with attribute NettyResponseFuture{currentRetry=0,
	isDone=1,
	isCancelled=0,
	asyncHandler=org.asynchttpclient.ws.WebSocketUpgradeHandler@12043ba,
	nettyRequest=org.asynchttpclient.netty.request.NettyRequest@22c8fa,
	future=java.util.concurrent.CompletableFuture@de23cc[Completed normally],
	uri=ws://localhost:53349/devtools/browser/998def6d-8262-46cd-8c18-64d2b206d3d6,
	keepAlive=true,
	redirectCount=0,
	timeoutsHolder=null,
	inAuth=0,
	touch=1686100150683}
08:09:16.134 [Driver Command Executor] DEBUG org.asynchttpclient.netty.request.NettyRequestSender - Using open Channel [id: 0xdfd8af75, L:/127.0.0.1:53348 - R:localhost/127.0.0.1:3853] for DELETE '/session/660e9d0e17adb0d295890ff5ff523475'
08:09:16.134 [AsyncHttpClient-1-7] DEBUG org.asynchttpclient.netty.channel.ChannelManager - Closing Channel [id: 0x8f0603da, L:/127.0.0.1:53356 ! R:localhost/127.0.0.1:53349] 
08:09:16.267 [AsyncHttpClient-1-6] DEBUG org.asynchttpclient.netty.handler.HttpHandler - Unexpected I/O exception on channel [id: 0xeba5ac71, L:/127.0.0.1:53355 - R:localhost/127.0.0.1:53349]
java.io.IOException: An existing connection was forcibly closed by the remote host
	at sun.nio.ch.SocketDispatcher.read0(Native Method)
	at sun.nio.ch.SocketDispatcher.read(SocketDispatcher.java:43)
	at sun.nio.ch.IOUtil.readIntoNativeBuffer(IOUtil.java:223)
	at sun.nio.ch.IOUtil.read(IOUtil.java:192)
	at sun.nio.ch.SocketChannelImpl.read(SocketChannelImpl.java:378)
	at io.netty.buffer.PooledByteBuf.setBytes(PooledByteBuf.java:259)
	at io.netty.buffer.AbstractByteBuf.writeBytes(AbstractByteBuf.java:1132)
	at io.netty.channel.socket.nio.NioSocketChannel.doReadBytes(NioSocketChannel.java:357)
	at io.netty.channel.nio.AbstractNioByteChannel$NioByteUnsafe.read(AbstractNioByteChannel.java:151)
	at io.netty.channel.nio.NioEventLoop.processSelectedKey(NioEventLoop.java:788)
	at io.netty.channel.nio.NioEventLoop.processSelectedKeysOptimized(NioEventLoop.java:724)
	at io.netty.channel.nio.NioEventLoop.processSelectedKeys(NioEventLoop.java:650)
	at io.netty.channel.nio.NioEventLoop.run(NioEventLoop.java:562)
	at io.netty.util.concurrent.SingleThreadEventExecutor$4.run(SingleThreadEventExecutor.java:997)
	at io.netty.util.internal.ThreadExecutorMap$2.run(ThreadExecutorMap.java:74)
	at io.netty.util.concurrent.FastThreadLocalRunnable.run(FastThreadLocalRunnable.java:30)
	at java.lang.Thread.run(Thread.java:750)
08:09:16.267 [AsyncHttpClient-1-6] DEBUG org.asynchttpclient.netty.channel.ChannelManager - Closing Channel [id: 0xeba5ac71, L:/127.0.0.1:53355 - R:localhost/127.0.0.1:53349] 
08:09:16.269 [AsyncHttpClient-1-6] DEBUG org.asynchttpclient.netty.handler.HttpHandler - Channel Closed: [id: 0xeba5ac71, L:/127.0.0.1:53355 ! R:localhost/127.0.0.1:53349] with attribute DISCARD
08:09:16.298 [AsyncHttpClient-1-5] DEBUG org.asynchttpclient.netty.handler.HttpHandler - 

Request DefaultFullHttpRequest(decodeResult: success, version: HTTP/1.1, content: EmptyByteBufBE)
DELETE /session/660e9d0e17adb0d295890ff5ff523475 HTTP/1.1
User-Agent: selenium/4.8.1 (java windows)
Content-Type: application/json; charset=utf-8
host: localhost:3853
accept: */*

Response DefaultHttpResponse(decodeResult: success, version: HTTP/1.1)
HTTP/1.1 200 OK
Content-Length: 14
Content-Type: application/json; charset=utf-8
cache-control: no-cache

08:09:16.299 [AsyncHttpClient-1-5] DEBUG org.asynchttpclient.netty.channel.ChannelManager - Adding key: http://localhost:3853 for channel [id: 0xdfd8af75, L:/127.0.0.1:53348 - R:localhost/127.0.0.1:3853]
08:09:16.337 [AsyncHttpClient-1-5] DEBUG org.asynchttpclient.netty.handler.HttpHandler - Channel Closed: [id: 0xdfd8af75, L:/127.0.0.1:53348 ! R:localhost/127.0.0.1:3853] with attribute DISCARD
08:09:16.541 [AsyncHttpClient-1-1] DEBUG org.asynchttpclient.netty.channel.DefaultChannelPool - Entry count for : http://localhost:53349 : 1
08:09:16.541 [AsyncHttpClient-1-1] DEBUG org.asynchttpclient.netty.channel.DefaultChannelPool - Entry count for : http://localhost:3853 : 1
08:09:16.541 [AsyncHttpClient-1-1] DEBUG org.asynchttpclient.netty.channel.DefaultChannelPool - Adding Candidate expired Channel [id: 0xeba5ac71, L:/127.0.0.1:53355 ! R:localhost/127.0.0.1:53349] isIdleTimeoutExpired=false isRemotelyClosed=true isTtlExpired=false
08:09:16.541 [AsyncHttpClient-1-1] DEBUG org.asynchttpclient.netty.channel.DefaultChannelPool - Closing Idle Channel [id: 0xeba5ac71, L:/127.0.0.1:53355 ! R:localhost/127.0.0.1:53349]
08:09:16.541 [AsyncHttpClient-1-1] DEBUG org.asynchttpclient.netty.channel.DefaultChannelPool - Adding Candidate expired Channel [id: 0xdfd8af75, L:/127.0.0.1:53348 ! R:localhost/127.0.0.1:3853] isIdleTimeoutExpired=false isRemotelyClosed=true isTtlExpired=false
08:09:16.541 [AsyncHttpClient-1-1] DEBUG org.asynchttpclient.netty.channel.DefaultChannelPool - Closing Idle Channel [id: 0xdfd8af75, L:/127.0.0.1:53348 ! R:localhost/127.0.0.1:3853]
08:09:16.541 [AsyncHttpClient-1-1] DEBUG org.asynchttpclient.netty.channel.DefaultChannelPool - Closed 2 connections out of 2 in 0 ms
]]></system-out>
    <system-err><![CDATA[Starting ChromeDriver 114.0.5735.90 (386bc09e8f4f2e025eddae123f36f6263096ae49-refs/branch-heads/5735@{#1052}) on port 3853
Only local connections are allowed.
Please see https://chromedriver.chromium.org/security-considerations for suggestions on keeping ChromeDriver safe.
ChromeDriver was started successfully.
Jun 07, 2023 8:09:10 AM org.openqa.selenium.devtools.CdpVersionFinder findNearestMatch
WARNING: Unable to find an exact match for CDP version 114, so returning the closest version found: 110
]]></system-err>
  </testcase>
</testsuite>